<?xml version="1.0" encoding="UTF-8" standalone="yes"?><!DOCTYPE report PUBLIC "-//JACOCO//DTD Report 1.1//EN" "report.dtd"><report name="aws-ec2-transitgatewaymulticastdomainassociation-handler"><sessioninfo id="3c22fb983354.ant.amazon.com-17e8ba0e" start="1607465742956" dump="1607465746981"/><package name="software/amazon/ec2/transitgatewaymulticastdomainassociation"><class name="software/amazon/ec2/transitgatewaymulticastdomainassociation/ListHandler" sourcefilename="ListHandler.java"><method name="&lt;init&gt;" desc="()V" line="7"><counter type="INSTRUCTION" missed="0" covered="3"/><counter type="LINE" missed="0" covered="1"/><counter type="COMPLEXITY" missed="0" covered="1"/><counter type="METHOD" missed="0" covered="1"/></method><method name="handleRequest" desc="(Lsoftware/amazon/cloudformation/proxy/AmazonWebServicesClientProxy;Lsoftware/amazon/cloudformation/proxy/ResourceHandlerRequest;Lsoftware/amazon/ec2/transitgatewaymulticastdomainassociation/CallbackContext;Lsoftware/amazon/cloudformation/proxy/ProxyClient;Lsoftware/amazon/cloudformation/proxy/Logger;)Lsoftware/amazon/cloudformation/proxy/ProgressEvent;" line="16"><counter type="INSTRUCTION" missed="0" covered="28"/><counter type="LINE" missed="0" covered="5"/><counter type="COMPLEXITY" missed="0" covered="1"/><counter type="METHOD" missed="0" covered="1"/></method><counter type="INSTRUCTION" missed="0" covered="31"/><counter type="LINE" missed="0" covered="6"/><counter type="COMPLEXITY" missed="0" covered="2"/><counter type="METHOD" missed="0" covered="2"/><counter type="CLASS" missed="0" covered="1"/></class><class name="software/amazon/ec2/transitgatewaymulticastdomainassociation/DeleteHandler" sourcefilename="DeleteHandler.java"><method name="&lt;init&gt;" desc="()V" line="8"><counter type="INSTRUCTION" missed="0" covered="3"/><counter type="LINE" missed="0" covered="1"/><counter type="COMPLEXITY" missed="0" covered="1"/><counter type="METHOD" missed="0" covered="1"/></method><method name="handleRequest" desc="(Lsoftware/amazon/cloudformation/proxy/AmazonWebServicesClientProxy;Lsoftware/amazon/cloudformation/proxy/ResourceHandlerRequest;Lsoftware/amazon/ec2/transitgatewaymulticastdomainassociation/CallbackContext;Lsoftware/amazon/cloudformation/proxy/ProxyClient;Lsoftware/amazon/cloudformation/proxy/Logger;)Lsoftware/amazon/cloudformation/proxy/ProgressEvent;" line="16"><counter type="INSTRUCTION" missed="0" covered="40"/><counter type="LINE" missed="0" covered="7"/><counter type="COMPLEXITY" missed="0" covered="1"/><counter type="METHOD" missed="0" covered="1"/></method><method name="lambda$handleRequest$0" desc="(Lsoftware/amazon/cloudformation/proxy/ProgressEvent;)Lsoftware/amazon/cloudformation/proxy/ProgressEvent;" line="22"><counter type="INSTRUCTION" missed="0" covered="3"/><counter type="LINE" missed="0" covered="1"/><counter type="COMPLEXITY" missed="0" covered="1"/><counter type="METHOD" missed="0" covered="1"/></method><counter type="INSTRUCTION" missed="0" covered="46"/><counter type="LINE" missed="0" covered="8"/><counter type="COMPLEXITY" missed="0" covered="3"/><counter type="METHOD" missed="0" covered="3"/><counter type="CLASS" missed="0" covered="1"/></class><class name="software/amazon/ec2/transitgatewaymulticastdomainassociation/Configuration" sourcefilename="Configuration.java"><method name="&lt;init&gt;" desc="()V" line="6"><counter type="INSTRUCTION" missed="0" covered="4"/><counter type="LINE" missed="0" covered="2"/><counter type="COMPLEXITY" missed="0" covered="1"/><counter type="METHOD" missed="0" covered="1"/></method><counter type="INSTRUCTION" missed="0" covered="4"/><counter type="LINE" missed="0" covered="2"/><counter type="COMPLEXITY" missed="0" covered="1"/><counter type="METHOD" missed="0" covered="1"/><counter type="CLASS" missed="0" covered="1"/></class><class name="software/amazon/ec2/transitgatewaymulticastdomainassociation/ClientBuilder" sourcefilename="ClientBuilder.java"><method name="&lt;init&gt;" desc="()V" line="6"><counter type="INSTRUCTION" missed="0" covered="3"/><counter type="LINE" missed="0" covered="1"/><counter type="COMPLEXITY" missed="0" covered="1"/><counter type="METHOD" missed="0" covered="1"/></method><method name="getClient" desc="()Lsoftware/amazon/awssdk/services/ec2/Ec2Client;" line="8"><counter type="INSTRUCTION" missed="0" covered="7"/><counter type="LINE" missed="0" covered="3"/><counter type="COMPLEXITY" missed="0" covered="1"/><counter type="METHOD" missed="0" covered="1"/></method><counter type="INSTRUCTION" missed="0" covered="10"/><counter type="LINE" missed="0" covered="4"/><counter type="COMPLEXITY" missed="0" covered="2"/><counter type="METHOD" missed="0" covered="2"/><counter type="CLASS" missed="0" covered="1"/></class><class name="software/amazon/ec2/transitgatewaymulticastdomainassociation/CreateHandler" sourcefilename="CreateHandler.java"><method name="&lt;init&gt;" desc="()V" line="9"><counter type="INSTRUCTION" missed="0" covered="3"/><counter type="LINE" missed="0" covered="1"/><counter type="COMPLEXITY" missed="0" covered="1"/><counter type="METHOD" missed="0" covered="1"/></method><method name="handleRequest" desc="(Lsoftware/amazon/cloudformation/proxy/AmazonWebServicesClientProxy;Lsoftware/amazon/cloudformation/proxy/ResourceHandlerRequest;Lsoftware/amazon/ec2/transitgatewaymulticastdomainassociation/CallbackContext;Lsoftware/amazon/cloudformation/proxy/ProxyClient;Lsoftware/amazon/cloudformation/proxy/Logger;)Lsoftware/amazon/cloudformation/proxy/ProgressEvent;" line="17"><counter type="INSTRUCTION" missed="0" covered="48"/><counter type="LINE" missed="0" covered="7"/><counter type="COMPLEXITY" missed="0" covered="1"/><counter type="METHOD" missed="0" covered="1"/></method><counter type="INSTRUCTION" missed="0" covered="51"/><counter type="LINE" missed="0" covered="8"/><counter type="COMPLEXITY" missed="0" covered="2"/><counter type="METHOD" missed="0" covered="2"/><counter type="CLASS" missed="0" covered="1"/></class><class name="software/amazon/ec2/transitgatewaymulticastdomainassociation/ReadHandler" sourcefilename="ReadHandler.java"><method name="&lt;init&gt;" desc="()V" line="7"><counter type="INSTRUCTION" missed="0" covered="3"/><counter type="LINE" missed="0" covered="1"/><counter type="COMPLEXITY" missed="0" covered="1"/><counter type="METHOD" missed="0" covered="1"/></method><method name="handleRequest" desc="(Lsoftware/amazon/cloudformation/proxy/AmazonWebServicesClientProxy;Lsoftware/amazon/cloudformation/proxy/ResourceHandlerRequest;Lsoftware/amazon/ec2/transitgatewaymulticastdomainassociation/CallbackContext;Lsoftware/amazon/cloudformation/proxy/ProxyClient;Lsoftware/amazon/cloudformation/proxy/Logger;)Lsoftware/amazon/cloudformation/proxy/ProgressEvent;" line="15"><counter type="INSTRUCTION" missed="0" covered="32"/><counter type="LINE" missed="0" covered="6"/><counter type="COMPLEXITY" missed="0" covered="1"/><counter type="METHOD" missed="0" covered="1"/></method><counter type="INSTRUCTION" missed="0" covered="35"/><counter type="LINE" missed="0" covered="7"/><counter type="COMPLEXITY" missed="0" covered="2"/><counter type="METHOD" missed="0" covered="2"/><counter type="CLASS" missed="0" covered="1"/></class><class name="software/amazon/ec2/transitgatewaymulticastdomainassociation/CallbackContext" sourcefilename="CallbackContext.java"><method name="&lt;init&gt;" desc="()V" line="9"><counter type="INSTRUCTION" missed="0" covered="6"/><counter type="LINE" missed="0" covered="2"/><counter type="COMPLEXITY" missed="0" covered="1"/><counter type="METHOD" missed="0" covered="1"/></method><counter type="INSTRUCTION" missed="0" covered="6"/><counter type="LINE" missed="0" covered="2"/><counter type="COMPLEXITY" missed="0" covered="1"/><counter type="METHOD" missed="0" covered="1"/><counter type="CLASS" missed="0" covered="1"/></class><sourcefile name="Configuration.java"><line nr="6" mi="0" ci="3" mb="0" cb="0"/><line nr="7" mi="0" ci="1" mb="0" cb="0"/><counter type="INSTRUCTION" missed="0" covered="4"/><counter type="LINE" missed="0" covered="2"/><counter type="COMPLEXITY" missed="0" covered="1"/><counter type="METHOD" missed="0" covered="1"/><counter type="CLASS" missed="0" covered="1"/></sourcefile><sourcefile name="DeleteHandler.java"><line nr="8" mi="0" ci="3" mb="0" cb="0"/><line nr="16" mi="0" ci="3" mb="0" cb="0"/><line nr="17" mi="0" ci="6" mb="0" cb="0"/><line nr="18" mi="0" ci="3" mb="0" cb="0"/><line nr="19" mi="0" ci="15" mb="0" cb="0"/><line nr="20" mi="0" ci="10" mb="0" cb="0"/><line nr="21" mi="0" ci="2" mb="0" cb="0"/><line nr="22" mi="0" ci="4" mb="0" cb="0"/><counter type="INSTRUCTION" missed="0" covered="46"/><counter type="LINE" missed="0" covered="8"/><counter type="COMPLEXITY" missed="0" covered="3"/><counter type="METHOD" missed="0" covered="3"/><counter type="CLASS" missed="0" covered="1"/></sourcefile><sourcefile name="ListHandler.java"><line nr="7" mi="0" ci="3" mb="0" cb="0"/><line nr="16" mi="0" ci="3" mb="0" cb="0"/><line nr="17" mi="0" ci="6" mb="0" cb="0"/><line nr="18" mi="0" ci="3" mb="0" cb="0"/><line nr="20" mi="0" ci="15" mb="0" cb="0"/><line nr="21" mi="0" ci="1" mb="0" cb="0"/><counter type="INSTRUCTION" missed="0" covered="31"/><counter type="LINE" missed="0" covered="6"/><counter type="COMPLEXITY" missed="0" covered="2"/><counter type="METHOD" missed="0" covered="2"/><counter type="CLASS" missed="0" covered="1"/></sourcefile><sourcefile name="CreateHandler.java"><line nr="9" mi="0" ci="3" mb="0" cb="0"/><line nr="17" mi="0" ci="3" mb="0" cb="0"/><line nr="18" mi="0" ci="6" mb="0" cb="0"/><line nr="19" mi="0" ci="3" mb="0" cb="0"/><line nr="20" mi="0" ci="15" mb="0" cb="0"/><line nr="21" mi="0" ci="10" mb="0" cb="0"/><line nr="22" mi="0" ci="10" mb="0" cb="0"/><line nr="23" mi="0" ci="1" mb="0" cb="0"/><counter type="INSTRUCTION" missed="0" covered="51"/><counter type="LINE" missed="0" covered="8"/><counter type="COMPLEXITY" missed="0" covered="2"/><counter type="METHOD" missed="0" covered="2"/><counter type="CLASS" missed="0" covered="1"/></sourcefile><sourcefile name="CallbackContext.java"><line nr="9" mi="0" ci="2" mb="0" cb="0"/><line nr="10" mi="0" ci="4" mb="0" cb="0"/><counter type="INSTRUCTION" missed="0" covered="6"/><counter type="LINE" missed="0" covered="2"/><counter type="COMPLEXITY" missed="0" covered="1"/><counter type="METHOD" missed="0" covered="1"/><counter type="CLASS" missed="0" covered="1"/></sourcefile><sourcefile name="ClientBuilder.java"><line nr="6" mi="0" ci="3" mb="0" cb="0"/><line nr="8" mi="0" ci="3" mb="0" cb="0"/><line nr="9" mi="0" ci="2" mb="0" cb="0"/><line nr="10" mi="0" ci="2" mb="0" cb="0"/><counter type="INSTRUCTION" missed="0" covered="10"/><counter type="LINE" missed="0" covered="4"/><counter type="COMPLEXITY" missed="0" covered="2"/><counter type="METHOD" missed="0" covered="2"/><counter type="CLASS" missed="0" covered="1"/></sourcefile><sourcefile name="ReadHandler.java"><line nr="7" mi="0" ci="3" mb="0" cb="0"/><line nr="15" mi="0" ci="3" mb="0" cb="0"/><line nr="16" mi="0" ci="6" mb="0" cb="0"/><line nr="17" mi="0" ci="3" mb="0" cb="0"/><line nr="18" mi="0" ci="4" mb="0" cb="0"/><line nr="19" mi="0" ci="15" mb="0" cb="0"/><line nr="20" mi="0" ci="1" mb="0" cb="0"/><counter type="INSTRUCTION" missed="0" covered="35"/><counter type="LINE" missed="0" covered="7"/><counter type="COMPLEXITY" missed="0" covered="2"/><counter type="METHOD" missed="0" covered="2"/><counter type="CLASS" missed="0" covered="1"/></sourcefile><counter type="INSTRUCTION" missed="0" covered="183"/><counter type="LINE" missed="0" covered="37"/><counter type="COMPLEXITY" missed="0" covered="13"/><counter type="METHOD" missed="0" covered="13"/><counter type="CLASS" missed="0" covered="7"/></package><package name="software/amazon/ec2/transitgatewaymulticastdomainassociation/workflow/list"><class name="software/amazon/ec2/transitgatewaymulticastdomainassociation/workflow/list/List" sourcefilename="List.java"><method name="&lt;init&gt;" desc="(Lsoftware/amazon/cloudformation/proxy/AmazonWebServicesClientProxy;Lsoftware/amazon/cloudformation/proxy/ResourceHandlerRequest;Lsoftware/amazon/ec2/transitgatewaymulticastdomainassociation/CallbackContext;Lsoftware/amazon/cloudformation/proxy/ProxyClient;Lsoftware/amazon/cloudformation/proxy/Logger;)V" line="33"><counter type="INSTRUCTION" missed="0" covered="18"/><counter type="LINE" missed="0" covered="7"/><counter type="COMPLEXITY" missed="0" covered="1"/><counter type="METHOD" missed="0" covered="1"/></method><method name="run" desc="(Lsoftware/amazon/cloudformation/proxy/ProgressEvent;)Lsoftware/amazon/cloudformation/proxy/ProgressEvent;" line="42"><counter type="INSTRUCTION" missed="0" covered="43"/><counter type="LINE" missed="0" covered="11"/><counter type="COMPLEXITY" missed="0" covered="1"/><counter type="METHOD" missed="0" covered="1"/></method><method name="translateModelToRequest" desc="(Lsoftware/amazon/ec2/transitgatewaymulticastdomainassociation/ResourceModel;)Lsoftware/amazon/awssdk/services/ec2/model/GetTransitGatewayMulticastDomainAssociationsRequest;" line="60"><counter type="INSTRUCTION" missed="0" covered="52"/><counter type="LINE" missed="0" covered="8"/><counter type="COMPLEXITY" missed="0" covered="1"/><counter type="METHOD" missed="0" covered="1"/></method><method name="makeServiceCall" desc="(Lsoftware/amazon/awssdk/services/ec2/model/GetTransitGatewayMulticastDomainAssociationsRequest;Lsoftware/amazon/cloudformation/proxy/ProxyClient;)Lsoftware/amazon/awssdk/services/ec2/model/GetTransitGatewayMulticastDomainAssociationsResponse;" line="71"><counter type="INSTRUCTION" missed="0" covered="13"/><counter type="LINE" missed="0" covered="1"/><counter type="COMPLEXITY" missed="0" covered="1"/><counter type="METHOD" missed="0" covered="1"/></method><method name="translateResponseToModel" desc="(Lsoftware/amazon/awssdk/services/ec2/model/GetTransitGatewayMulticastDomainAssociationsResponse;)Ljava/util/List;" line="75"><counter type="INSTRUCTION" missed="0" covered="10"/><counter type="LINE" missed="0" covered="3"/><counter type="COMPLEXITY" missed="0" covered="1"/><counter type="METHOD" missed="0" covered="1"/></method><method name="handleError" desc="(Lsoftware/amazon/awssdk/services/ec2/model/GetTransitGatewayMulticastDomainAssociationsRequest;Ljava/lang/Exception;Lsoftware/amazon/cloudformation/proxy/ProxyClient;Lsoftware/amazon/ec2/transitgatewaymulticastdomainassociation/ResourceModel;Lsoftware/amazon/ec2/transitgatewaymulticastdomainassociation/CallbackContext;)Lsoftware/amazon/cloudformation/proxy/ProgressEvent;" line="87"><counter type="INSTRUCTION" missed="0" covered="5"/><counter type="LINE" missed="0" covered="1"/><counter type="COMPLEXITY" missed="0" covered="1"/><counter type="METHOD" missed="0" covered="1"/></method><method name="streamOfOrEmpty" desc="(Ljava/util/Collection;)Ljava/util/stream/Stream;" line="91"><counter type="INSTRUCTION" missed="0" covered="8"/><counter type="LINE" missed="0" covered="3"/><counter type="COMPLEXITY" missed="0" covered="1"/><counter type="METHOD" missed="0" covered="1"/></method><method name="lambda$translateResponseToModel$0" desc="(Lsoftware/amazon/awssdk/services/ec2/model/TransitGatewayMulticastDomainAssociation;)Lsoftware/amazon/ec2/transitgatewaymulticastdomainassociation/ResourceModel;" line="76"><counter type="INSTRUCTION" missed="0" covered="16"/><counter type="LINE" missed="0" covered="5"/><counter type="COMPLEXITY" missed="0" covered="1"/><counter type="METHOD" missed="0" covered="1"/></method><counter type="INSTRUCTION" missed="0" covered="165"/><counter type="LINE" missed="0" covered="38"/><counter type="COMPLEXITY" missed="0" covered="8"/><counter type="METHOD" missed="0" covered="8"/><counter type="CLASS" missed="0" covered="1"/></class><sourcefile name="List.java"><line nr="33" mi="0" ci="2" mb="0" cb="0"/><line nr="34" mi="0" ci="3" mb="0" cb="0"/><line nr="35" mi="0" ci="3" mb="0" cb="0"/><line nr="36" mi="0" ci="3" mb="0" cb="0"/><line nr="37" mi="0" ci="3" mb="0" cb="0"/><line nr="38" mi="0" ci="3" mb="0" cb="0"/><line nr="39" mi="0" ci="1" mb="0" cb="0"/><line nr="42" mi="0" ci="3" mb="0" cb="0"/><line nr="43" mi="0" ci="6" mb="0" cb="0"/><line nr="46" mi="0" ci="6" mb="0" cb="0"/><line nr="47" mi="0" ci="4" mb="0" cb="0"/><line nr="48" mi="0" ci="3" mb="0" cb="0"/><line nr="49" mi="0" ci="2" mb="0" cb="0"/><line nr="50" mi="0" ci="3" mb="0" cb="0"/><line nr="51" mi="0" ci="1" mb="0" cb="0"/><line nr="52" mi="0" ci="1" mb="0" cb="0"/><line nr="53" mi="0" ci="1" mb="0" cb="0"/><line nr="54" mi="0" ci="13" mb="0" cb="0"/><line nr="60" mi="0" ci="4" mb="0" cb="0"/><line nr="61" mi="0" ci="16" mb="0" cb="0"/><line nr="62" mi="0" ci="16" mb="0" cb="0"/><line nr="63" mi="0" ci="3" mb="0" cb="0"/><line nr="64" mi="0" ci="3" mb="0" cb="0"/><line nr="65" mi="0" ci="2" mb="0" cb="0"/><line nr="66" mi="0" ci="4" mb="0" cb="0"/><line nr="67" mi="0" ci="4" mb="0" cb="0"/><line nr="71" mi="0" ci="13" mb="0" cb="0"/><line nr="75" mi="0" ci="6" mb="0" cb="0"/><line nr="76" mi="0" ci="4" mb="0" cb="0"/><line nr="77" mi="0" ci="4" mb="0" cb="0"/><line nr="78" mi="0" ci="5" mb="0" cb="0"/><line nr="79" mi="0" ci="3" mb="0" cb="0"/><line nr="80" mi="0" ci="1" mb="0" cb="0"/><line nr="81" mi="0" ci="3" mb="0" cb="0"/><line nr="87" mi="0" ci="5" mb="0" cb="0"/><line nr="91" mi="0" ci="4" mb="0" cb="0"/><line nr="92" mi="0" ci="2" mb="0" cb="0"/><line nr="93" mi="0" ci="2" mb="0" cb="0"/><counter type="INSTRUCTION" missed="0" covered="165"/><counter type="LINE" missed="0" covered="38"/><counter type="COMPLEXITY" missed="0" covered="8"/><counter type="METHOD" missed="0" covered="8"/><counter type="CLASS" missed="0" covered="1"/></sourcefile><counter type="INSTRUCTION" missed="0" covered="165"/><counter type="LINE" missed="0" covered="38"/><counter type="COMPLEXITY" missed="0" covered="8"/><counter type="METHOD" missed="0" covered="8"/><counter type="CLASS" missed="0" covered="1"/></package><package name="software/amazon/ec2/transitgatewaymulticastdomainassociation/workflow/read"><class name="software/amazon/ec2/transitgatewaymulticastdomainassociation/workflow/read/Read" sourcefilename="Read.java"><method name="&lt;init&gt;" desc="(Lsoftware/amazon/cloudformation/proxy/AmazonWebServicesClientProxy;Lsoftware/amazon/cloudformation/proxy/ResourceHandlerRequest;Lsoftware/amazon/ec2/transitgatewaymulticastdomainassociation/CallbackContext;Lsoftware/amazon/cloudformation/proxy/ProxyClient;Lsoftware/amazon/cloudformation/proxy/Logger;)V" line="28"><counter type="INSTRUCTION" missed="0" covered="18"/><counter type="LINE" missed="0" covered="7"/><counter type="COMPLEXITY" missed="0" covered="1"/><counter type="METHOD" missed="0" covered="1"/></method><method name="run" desc="(Lsoftware/amazon/cloudformation/proxy/ProgressEvent;)Lsoftware/amazon/cloudformation/proxy/ProgressEvent;" line="37"><counter type="INSTRUCTION" missed="0" covered="30"/><counter type="LINE" missed="0" covered="6"/><counter type="COMPLEXITY" missed="0" covered="1"/><counter type="METHOD" missed="0" covered="1"/></method><method name="simpleRequest" desc="(Lsoftware/amazon/ec2/transitgatewaymulticastdomainassociation/ResourceModel;)Lsoftware/amazon/ec2/transitgatewaymulticastdomainassociation/ResourceModel;" line="46"><counter type="INSTRUCTION" missed="0" covered="23"/><counter type="LINE" missed="0" covered="3"/><counter type="COMPLEXITY" missed="0" covered="1"/><counter type="METHOD" missed="0" covered="1"/></method><method name="translateModelToRequest" desc="(Lsoftware/amazon/ec2/transitgatewaymulticastdomainassociation/ResourceModel;)Lsoftware/amazon/awssdk/services/ec2/model/GetTransitGatewayMulticastDomainAssociationsRequest;" line="53"><counter type="INSTRUCTION" missed="0" covered="45"/><counter type="LINE" missed="0" covered="7"/><counter type="COMPLEXITY" missed="0" covered="1"/><counter type="METHOD" missed="0" covered="1"/></method><method name="translateResponsesToModel" desc="(Lsoftware/amazon/awssdk/services/ec2/model/GetTransitGatewayMulticastDomainAssociationsResponse;Lsoftware/amazon/ec2/transitgatewaymulticastdomainassociation/ResourceModel;)Lsoftware/amazon/ec2/transitgatewaymulticastdomainassociation/ResourceModel;" line="65"><counter type="INSTRUCTION" missed="0" covered="49"/><counter type="BRANCH" missed="0" covered="2"/><counter type="LINE" missed="0" covered="14"/><counter type="COMPLEXITY" missed="0" covered="2"/><counter type="METHOD" missed="0" covered="1"/></method><method name="makeServiceCall" desc="(Lsoftware/amazon/awssdk/services/ec2/model/GetTransitGatewayMulticastDomainAssociationsRequest;Lsoftware/amazon/cloudformation/proxy/ProxyClient;)Lsoftware/amazon/awssdk/services/ec2/model/GetTransitGatewayMulticastDomainAssociationsResponse;" line="84"><counter type="INSTRUCTION" missed="0" covered="13"/><counter type="LINE" missed="0" covered="1"/><counter type="COMPLEXITY" missed="0" covered="1"/><counter type="METHOD" missed="0" covered="1"/></method><method name="handleError" desc="(Lsoftware/amazon/awssdk/services/ec2/model/GetTransitGatewayMulticastDomainAssociationsRequest;Ljava/lang/Exception;Lsoftware/amazon/cloudformation/proxy/ProxyClient;Lsoftware/amazon/ec2/transitgatewaymulticastdomainassociation/ResourceModel;Lsoftware/amazon/ec2/transitgatewaymulticastdomainassociation/CallbackContext;)Lsoftware/amazon/cloudformation/proxy/ProgressEvent;" line="89"><counter type="INSTRUCTION" missed="0" covered="22"/><counter type="BRANCH" missed="0" covered="2"/><counter type="LINE" missed="0" covered="4"/><counter type="COMPLEXITY" missed="0" covered="2"/><counter type="METHOD" missed="0" covered="1"/></method><method name="done" desc="(Lsoftware/amazon/awssdk/services/ec2/model/GetTransitGatewayMulticastDomainAssociationsResponse;)Lsoftware/amazon/cloudformation/proxy/ProgressEvent;" line="98"><counter type="INSTRUCTION" missed="0" covered="36"/><counter type="BRANCH" missed="1" covered="3"/><counter type="LINE" missed="0" covered="5"/><counter type="COMPLEXITY" missed="1" covered="2"/><counter type="METHOD" missed="0" covered="1"/></method><counter type="INSTRUCTION" missed="0" covered="236"/><counter type="BRANCH" missed="1" covered="7"/><counter type="LINE" missed="0" covered="47"/><counter type="COMPLEXITY" missed="1" covered="11"/><counter type="METHOD" missed="0" covered="8"/><counter type="CLASS" missed="0" covered="1"/></class><sourcefile name="Read.java"><line nr="28" mi="0" ci="2" mb="0" cb="0"/><line nr="29" mi="0" ci="3" mb="0" cb="0"/><line nr="30" mi="0" ci="3" mb="0" cb="0"/><line nr="31" mi="0" ci="3" mb="0" cb="0"/><line nr="32" mi="0" ci="3" mb="0" cb="0"/><line nr="33" mi="0" ci="3" mb="0" cb="0"/><line nr="34" mi="0" ci="1" mb="0" cb="0"/><line nr="37" mi="0" ci="3" mb="0" cb="0"/><line nr="38" mi="0" ci="17" mb="0" cb="0"/><line nr="39" mi="0" ci="3" mb="0" cb="0"/><line nr="40" mi="0" ci="3" mb="0" cb="0"/><line nr="41" mi="0" ci="3" mb="0" cb="0"/><line nr="42" mi="0" ci="1" mb="0" cb="0"/><line nr="46" mi="0" ci="4" mb="0" cb="0"/><line nr="47" mi="0" ci="14" mb="0" cb="0"/><line nr="48" mi="0" ci="5" mb="0" cb="0"/><line nr="53" mi="0" ci="4" mb="0" cb="0"/><line nr="54" mi="0" ci="16" mb="0" cb="0"/><line nr="55" mi="0" ci="16" mb="0" cb="0"/><line nr="57" mi="0" ci="3" mb="0" cb="0"/><line nr="58" mi="0" ci="3" mb="0" cb="0"/><line nr="59" mi="0" ci="1" mb="0" cb="0"/><line nr="61" mi="0" ci="2" mb="0" cb="0"/><line nr="65" mi="0" ci="4" mb="0" cb="0"/><line nr="66" mi="0" ci="5" mb="0" cb="0"/><line nr="67" mi="0" ci="4" mb="0" cb="2"/><line nr="68" mi="0" ci="4" mb="0" cb="0"/><line nr="69" mi="0" ci="2" mb="0" cb="0"/><line nr="71" mi="0" ci="6" mb="0" cb="0"/><line nr="72" mi="0" ci="3" mb="0" cb="0"/><line nr="73" mi="0" ci="3" mb="0" cb="0"/><line nr="74" mi="0" ci="3" mb="0" cb="0"/><line nr="75" mi="0" ci="4" mb="0" cb="0"/><line nr="76" mi="0" ci="5" mb="0" cb="0"/><line nr="77" mi="0" ci="3" mb="0" cb="0"/><line nr="78" mi="0" ci="2" mb="0" cb="0"/><line nr="79" mi="0" ci="1" mb="0" cb="0"/><line nr="84" mi="0" ci="13" mb="0" cb="0"/><line nr="89" mi="0" ci="3" mb="0" cb="2"/><line nr="90" mi="0" ci="10" mb="0" cb="0"/><line nr="91" mi="0" ci="4" mb="0" cb="0"/><line nr="93" mi="0" ci="5" mb="0" cb="0"/><line nr="98" mi="0" ci="8" mb="0" cb="0"/><line nr="99" mi="0" ci="8" mb="1" cb="3"/><line nr="100" mi="0" ci="10" mb="0" cb="0"/><line nr="101" mi="0" ci="4" mb="0" cb="0"/><line nr="103" mi="0" ci="6" mb="0" cb="0"/><counter type="INSTRUCTION" missed="0" covered="236"/><counter type="BRANCH" missed="1" covered="7"/><counter type="LINE" missed="0" covered="47"/><counter type="COMPLEXITY" missed="1" covered="11"/><counter type="METHOD" missed="0" covered="8"/><counter type="CLASS" missed="0" covered="1"/></sourcefile><counter type="INSTRUCTION" missed="0" covered="236"/><counter type="BRANCH" missed="1" covered="7"/><counter type="LINE" missed="0" covered="47"/><counter type="COMPLEXITY" missed="1" covered="11"/><counter type="METHOD" missed="0" covered="8"/><counter type="CLASS" missed="0" covered="1"/></package><package name="software/amazon/ec2/transitgatewaymulticastdomainassociation/workflow"><class name="software/amazon/ec2/transitgatewaymulticastdomainassociation/workflow/ExceptionMapper" sourcefilename="ExceptionMapper.java"><method name="&lt;init&gt;" desc="()V" line="11"><counter type="INSTRUCTION" missed="0" covered="3"/><counter type="LINE" missed="0" covered="1"/><counter type="COMPLEXITY" missed="0" covered="1"/><counter type="METHOD" missed="0" covered="1"/></method><method name="mapToHandlerErrorCode" desc="(Ljava/lang/Exception;)Lsoftware/amazon/cloudformation/proxy/HandlerErrorCode;" line="13"><counter type="INSTRUCTION" missed="0" covered="49"/><counter type="BRANCH" missed="0" covered="14"/><counter type="LINE" missed="0" covered="17"/><counter type="COMPLEXITY" missed="0" covered="8"/><counter type="METHOD" missed="0" covered="1"/></method><method name="invalidRequestCodes" desc="()Ljava/util/List;" line="40"><counter type="INSTRUCTION" missed="0" covered="22"/><counter type="LINE" missed="0" covered="6"/><counter type="COMPLEXITY" missed="0" covered="1"/><counter type="METHOD" missed="0" covered="1"/></method><method name="listContains" desc="(Ljava/util/List;Ljava/lang/String;)Z" line="49"><counter type="INSTRUCTION" missed="0" covered="14"/><counter type="BRANCH" missed="0" covered="2"/><counter type="LINE" missed="0" covered="1"/><counter type="COMPLEXITY" missed="0" covered="2"/><counter type="METHOD" missed="0" covered="1"/></method><method name="lambda$listContains$0" desc="(Ljava/lang/String;Ljava/lang/String;)Z" line="49"><counter type="INSTRUCTION" missed="0" covered="4"/><counter type="LINE" missed="0" covered="1"/><counter type="COMPLEXITY" missed="0" covered="1"/><counter type="METHOD" missed="0" covered="1"/></method><counter type="INSTRUCTION" missed="0" covered="92"/><counter type="BRANCH" missed="0" covered="16"/><counter type="LINE" missed="0" covered="25"/><counter type="COMPLEXITY" missed="0" covered="13"/><counter type="METHOD" missed="0" covered="5"/><counter type="CLASS" missed="0" covered="1"/></class><class name="software/amazon/ec2/transitgatewaymulticastdomainassociation/workflow/ValidCurrentStateCheckBase" sourcefilename="ValidCurrentStateCheckBase.java"><method name="&lt;init&gt;" desc="(Lsoftware/amazon/cloudformation/proxy/AmazonWebServicesClientProxy;Lsoftware/amazon/cloudformation/proxy/ResourceHandlerRequest;Lsoftware/amazon/ec2/transitgatewaymulticastdomainassociation/CallbackContext;Lsoftware/amazon/cloudformation/proxy/ProxyClient;Lsoftware/amazon/cloudformation/proxy/Logger;)V" line="30"><counter type="INSTRUCTION" missed="0" covered="23"/><counter type="LINE" missed="0" covered="8"/><counter type="COMPLEXITY" missed="0" covered="1"/><counter type="METHOD" missed="0" covered="1"/></method><method name="run" desc="(Lsoftware/amazon/cloudformation/proxy/ProgressEvent;)Lsoftware/amazon/cloudformation/proxy/ProgressEvent;" line="40"><counter type="INSTRUCTION" missed="0" covered="17"/><counter type="BRANCH" missed="0" covered="2"/><counter type="LINE" missed="0" covered="5"/><counter type="COMPLEXITY" missed="0" covered="2"/><counter type="METHOD" missed="0" covered="1"/></method><method name="makeRequest" desc="()Lsoftware/amazon/ec2/transitgatewaymulticastdomainassociation/ResourceModel;" line="51"><counter type="INSTRUCTION" missed="0" covered="17"/><counter type="LINE" missed="0" covered="1"/><counter type="COMPLEXITY" missed="0" covered="1"/><counter type="METHOD" missed="0" covered="1"/></method><method name="validate" desc="()Lsoftware/amazon/cloudformation/proxy/ProgressEvent;" line="56"><counter type="INSTRUCTION" missed="0" covered="26"/><counter type="BRANCH" missed="0" covered="8"/><counter type="LINE" missed="0" covered="3"/><counter type="COMPLEXITY" missed="0" covered="5"/><counter type="METHOD" missed="0" covered="1"/></method><method name="action" desc="()Ljava/lang/String;" line="64"><counter type="INSTRUCTION" missed="0" covered="16"/><counter type="LINE" missed="0" covered="3"/><counter type="COMPLEXITY" missed="0" covered="1"/><counter type="METHOD" missed="0" covered="1"/></method><method name="failure" desc="()Lsoftware/amazon/cloudformation/proxy/ProgressEvent;" line="70"><counter type="INSTRUCTION" missed="0" covered="43"/><counter type="BRANCH" missed="0" covered="2"/><counter type="LINE" missed="0" covered="4"/><counter type="COMPLEXITY" missed="0" covered="2"/><counter type="METHOD" missed="0" covered="1"/></method><method name="validStates" desc="()Ljava/util/List;" line="79"><counter type="INSTRUCTION" missed="0" covered="4"/><counter type="LINE" missed="0" covered="1"/><counter type="COMPLEXITY" missed="0" covered="1"/><counter type="METHOD" missed="0" covered="1"/></method><method name="invalidStates" desc="()Ljava/util/List;" line="82"><counter type="INSTRUCTION" missed="0" covered="4"/><counter type="LINE" missed="0" covered="1"/><counter type="COMPLEXITY" missed="0" covered="1"/><counter type="METHOD" missed="0" covered="1"/></method><method name="currentState" desc="()Ljava/lang/String;" line="85"><counter type="INSTRUCTION" missed="3" covered="18"/><counter type="BRANCH" missed="1" covered="3"/><counter type="LINE" missed="0" covered="4"/><counter type="COMPLEXITY" missed="1" covered="2"/><counter type="METHOD" missed="0" covered="1"/></method><method name="handleError" desc="(Ljava/lang/Exception;)Lsoftware/amazon/cloudformation/proxy/ProgressEvent;" line="94"><counter type="INSTRUCTION" missed="0" covered="10"/><counter type="LINE" missed="0" covered="2"/><counter type="COMPLEXITY" missed="0" covered="1"/><counter type="METHOD" missed="0" covered="1"/></method><counter type="INSTRUCTION" missed="3" covered="178"/><counter type="BRANCH" missed="1" covered="15"/><counter type="LINE" missed="0" covered="32"/><counter type="COMPLEXITY" missed="1" covered="17"/><counter type="METHOD" missed="0" covered="10"/><counter type="CLASS" missed="0" covered="1"/></class><sourcefile name="ValidCurrentStateCheckBase.java"><line nr="30" mi="0" ci="2" mb="0" cb="0"/><line nr="31" mi="0" ci="5" mb="0" cb="0"/><line nr="32" mi="0" ci="3" mb="0" cb="0"/><line nr="33" mi="0" ci="3" mb="0" cb="0"/><line nr="34" mi="0" ci="3" mb="0" cb="0"/><line nr="35" mi="0" ci="3" mb="0" cb="0"/><line nr="36" mi="0" ci="3" mb="0" cb="0"/><line nr="37" mi="0" ci="1" mb="0" cb="0"/><line nr="40" mi="0" ci="6" mb="0" cb="2"/><line nr="43" mi="0" ci="3" mb="0" cb="0"/><line nr="44" mi="0" ci="3" mb="0" cb="0"/><line nr="45" mi="0" ci="1" mb="0" cb="0"/><line nr="46" mi="0" ci="4" mb="0" cb="0"/><line nr="51" mi="0" ci="17" mb="0" cb="0"/><line nr="56" mi="0" ci="20" mb="0" cb="8"/><line nr="57" mi="0" ci="3" mb="0" cb="0"/><line nr="59" mi="0" ci="3" mb="0" cb="0"/><line nr="64" mi="0" ci="5" mb="0" cb="0"/><line nr="65" mi="0" ci="4" mb="0" cb="0"/><line nr="66" mi="0" ci="7" mb="0" cb="0"/><line nr="70" mi="0" ci="29" mb="0" cb="0"/><line nr="71" mi="0" ci="6" mb="0" cb="2"/><line nr="72" mi="0" ci="4" mb="0" cb="0"/><line nr="74" mi="0" ci="4" mb="0" cb="0"/><line nr="79" mi="0" ci="4" mb="0" cb="0"/><line nr="82" mi="0" ci="4" mb="0" cb="0"/><line nr="85" mi="0" ci="3" mb="0" cb="2"/><line nr="86" mi="0" ci="3" mb="0" cb="0"/><line nr="88" mi="0" ci="3" mb="0" cb="0"/><line nr="89" mi="3" ci="9" mb="1" cb="1"/><line nr="94" mi="0" ci="5" mb="0" cb="0"/><line nr="95" mi="0" ci="5" mb="0" cb="0"/><counter type="INSTRUCTION" missed="3" covered="178"/><counter type="BRANCH" missed="1" covered="15"/><counter type="LINE" missed="0" covered="32"/><counter type="COMPLEXITY" missed="1" covered="17"/><counter type="METHOD" missed="0" covered="10"/><counter type="CLASS" missed="0" covered="1"/></sourcefile><sourcefile name="ExceptionMapper.java"><line nr="11" mi="0" ci="3" mb="0" cb="0"/><line nr="13" mi="0" ci="3" mb="0" cb="2"/><line nr="14" mi="0" ci="3" mb="0" cb="0"/><line nr="15" mi="0" ci="4" mb="0" cb="0"/><line nr="17" mi="0" ci="4" mb="0" cb="2"/><line nr="18" mi="0" ci="2" mb="0" cb="0"/><line nr="19" mi="0" ci="4" mb="0" cb="2"/><line nr="20" mi="0" ci="2" mb="0" cb="0"/><line nr="21" mi="0" ci="4" mb="0" cb="2"/><line nr="22" mi="0" ci="2" mb="0" cb="0"/><line nr="23" mi="0" ci="4" mb="0" cb="2"/><line nr="24" mi="0" ci="2" mb="0" cb="0"/><line nr="25" mi="0" ci="4" mb="0" cb="2"/><line nr="26" mi="0" ci="2" mb="0" cb="0"/><line nr="28" mi="0" ci="2" mb="0" cb="0"/><line nr="31" mi="0" ci="3" mb="0" cb="2"/><line nr="32" mi="0" ci="2" mb="0" cb="0"/><line nr="34" mi="0" ci="2" mb="0" cb="0"/><line nr="40" mi="0" ci="4" mb="0" cb="0"/><line nr="41" mi="0" ci="4" mb="0" cb="0"/><line nr="42" mi="0" ci="4" mb="0" cb="0"/><line nr="43" mi="0" ci="4" mb="0" cb="0"/><line nr="44" mi="0" ci="4" mb="0" cb="0"/><line nr="45" mi="0" ci="2" mb="0" cb="0"/><line nr="49" mi="0" ci="18" mb="0" cb="2"/><counter type="INSTRUCTION" missed="0" covered="92"/><counter type="BRANCH" missed="0" covered="16"/><counter type="LINE" missed="0" covered="25"/><counter type="COMPLEXITY" missed="0" covered="13"/><counter type="METHOD" missed="0" covered="5"/><counter type="CLASS" missed="0" covered="1"/></sourcefile><counter type="INSTRUCTION" missed="3" covered="270"/><counter type="BRANCH" missed="1" covered="31"/><counter type="LINE" missed="0" covered="57"/><counter type="COMPLEXITY" missed="1" covered="30"/><counter type="METHOD" missed="0" covered="15"/><counter type="CLASS" missed="0" covered="2"/></package><package name="software/amazon/ec2/transitgatewaymulticastdomainassociation/workflow/delete"><class name="software/amazon/ec2/transitgatewaymulticastdomainassociation/workflow/delete/Delete" sourcefilename="Delete.java"><method name="&lt;init&gt;" desc="(Lsoftware/amazon/cloudformation/proxy/AmazonWebServicesClientProxy;Lsoftware/amazon/cloudformation/proxy/ResourceHandlerRequest;Lsoftware/amazon/ec2/transitgatewaymulticastdomainassociation/CallbackContext;Lsoftware/amazon/cloudformation/proxy/ProxyClient;Lsoftware/amazon/cloudformation/proxy/Logger;)V" line="28"><counter type="INSTRUCTION" missed="0" covered="18"/><counter type="LINE" missed="0" covered="7"/><counter type="COMPLEXITY" missed="0" covered="1"/><counter type="METHOD" missed="0" covered="1"/></method><method name="run" desc="(Lsoftware/amazon/cloudformation/proxy/ProgressEvent;)Lsoftware/amazon/cloudformation/proxy/ProgressEvent;" line="37"><counter type="INSTRUCTION" missed="0" covered="31"/><counter type="LINE" missed="0" covered="7"/><counter type="COMPLEXITY" missed="0" covered="1"/><counter type="METHOD" missed="0" covered="1"/></method><method name="translateModelToRequest" desc="(Lsoftware/amazon/ec2/transitgatewaymulticastdomainassociation/ResourceModel;)Lsoftware/amazon/awssdk/services/ec2/model/DisassociateTransitGatewayMulticastDomainRequest;" line="48"><counter type="INSTRUCTION" missed="0" covered="18"/><counter type="LINE" missed="0" covered="5"/><counter type="COMPLEXITY" missed="0" covered="1"/><counter type="METHOD" missed="0" covered="1"/></method><method name="makeServiceCall" desc="(Lsoftware/amazon/awssdk/services/ec2/model/DisassociateTransitGatewayMulticastDomainRequest;Lsoftware/amazon/cloudformation/proxy/ProxyClient;)Lsoftware/amazon/awssdk/services/ec2/model/DisassociateTransitGatewayMulticastDomainResponse;" line="56"><counter type="INSTRUCTION" missed="0" covered="13"/><counter type="LINE" missed="0" covered="1"/><counter type="COMPLEXITY" missed="0" covered="1"/><counter type="METHOD" missed="0" covered="1"/></method><method name="stabilize" desc="(Lsoftware/amazon/awssdk/services/ec2/model/DisassociateTransitGatewayMulticastDomainRequest;Lsoftware/amazon/awssdk/services/ec2/model/DisassociateTransitGatewayMulticastDomainResponse;Lsoftware/amazon/cloudformation/proxy/ProxyClient;Lsoftware/amazon/ec2/transitgatewaymulticastdomainassociation/ResourceModel;Lsoftware/amazon/ec2/transitgatewaymulticastdomainassociation/CallbackContext;)Z" line="67"><counter type="INSTRUCTION" missed="1" covered="27"/><counter type="BRANCH" missed="2" covered="2"/><counter type="LINE" missed="0" covered="2"/><counter type="COMPLEXITY" missed="2" covered="1"/><counter type="METHOD" missed="0" covered="1"/></method><method name="handleError" desc="(Lsoftware/amazon/awssdk/services/ec2/model/DisassociateTransitGatewayMulticastDomainRequest;Ljava/lang/Exception;Lsoftware/amazon/cloudformation/proxy/ProxyClient;Lsoftware/amazon/ec2/transitgatewaymulticastdomainassociation/ResourceModel;Lsoftware/amazon/ec2/transitgatewaymulticastdomainassociation/CallbackContext;)Lsoftware/amazon/cloudformation/proxy/ProgressEvent;" line="72"><counter type="INSTRUCTION" missed="3" covered="10"/><counter type="BRANCH" missed="1" covered="1"/><counter type="LINE" missed="1" covered="2"/><counter type="COMPLEXITY" missed="1" covered="1"/><counter type="METHOD" missed="0" covered="1"/></method><counter type="INSTRUCTION" missed="4" covered="117"/><counter type="BRANCH" missed="3" covered="3"/><counter type="LINE" missed="1" covered="24"/><counter type="COMPLEXITY" missed="3" covered="6"/><counter type="METHOD" missed="0" covered="6"/><counter type="CLASS" missed="0" covered="1"/></class><class name="software/amazon/ec2/transitgatewaymulticastdomainassociation/workflow/delete/ValidCurrentStateCheck" sourcefilename="ValidCurrentStateCheck.java"><method name="&lt;init&gt;" desc="(Lsoftware/amazon/cloudformation/proxy/AmazonWebServicesClientProxy;Lsoftware/amazon/cloudformation/proxy/ResourceHandlerRequest;Lsoftware/amazon/ec2/transitgatewaymulticastdomainassociation/CallbackContext;Lsoftware/amazon/cloudformation/proxy/ProxyClient;Lsoftware/amazon/cloudformation/proxy/Logger;)V" line="16"><counter type="INSTRUCTION" missed="0" covered="8"/><counter type="LINE" missed="0" covered="2"/><counter type="COMPLEXITY" missed="0" covered="1"/><counter type="METHOD" missed="0" covered="1"/></method><method name="validStates" desc="()Ljava/util/List;" line="22"><counter type="INSTRUCTION" missed="0" covered="16"/><counter type="LINE" missed="0" covered="4"/><counter type="COMPLEXITY" missed="0" covered="1"/><counter type="METHOD" missed="0" covered="1"/></method><counter type="INSTRUCTION" missed="0" covered="24"/><counter type="LINE" missed="0" covered="6"/><counter type="COMPLEXITY" missed="0" covered="2"/><counter type="METHOD" missed="0" covered="2"/><counter type="CLASS" missed="0" covered="1"/></class><sourcefile name="Delete.java"><line nr="28" mi="0" ci="2" mb="0" cb="0"/><line nr="29" mi="0" ci="3" mb="0" cb="0"/><line nr="30" mi="0" ci="3" mb="0" cb="0"/><line nr="31" mi="0" ci="3" mb="0" cb="0"/><line nr="32" mi="0" ci="3" mb="0" cb="0"/><line nr="33" mi="0" ci="3" mb="0" cb="0"/><line nr="34" mi="0" ci="1" mb="0" cb="0"/><line nr="37" mi="0" ci="3" mb="0" cb="0"/><line nr="38" mi="0" ci="17" mb="0" cb="0"/><line nr="39" mi="0" ci="3" mb="0" cb="0"/><line nr="40" mi="0" ci="3" mb="0" cb="0"/><line nr="41" mi="0" ci="3" mb="0" cb="0"/><line nr="42" mi="0" ci="1" mb="0" cb="0"/><line nr="43" mi="0" ci="1" mb="0" cb="0"/><line nr="48" mi="0" ci="3" mb="0" cb="0"/><line nr="49" mi="0" ci="3" mb="0" cb="0"/><line nr="50" mi="0" ci="7" mb="0" cb="0"/><line nr="51" mi="0" ci="3" mb="0" cb="0"/><line nr="52" mi="0" ci="2" mb="0" cb="0"/><line nr="56" mi="0" ci="13" mb="0" cb="0"/><line nr="67" mi="0" ci="16" mb="0" cb="0"/><line nr="68" mi="1" ci="11" mb="2" cb="2"/><line nr="72" mi="0" ci="5" mb="1" cb="1"/><line nr="73" mi="3" ci="0" mb="0" cb="0"/><line nr="75" mi="0" ci="5" mb="0" cb="0"/><counter type="INSTRUCTION" missed="4" covered="117"/><counter type="BRANCH" missed="3" covered="3"/><counter type="LINE" missed="1" covered="24"/><counter type="COMPLEXITY" missed="3" covered="6"/><counter type="METHOD" missed="0" covered="6"/><counter type="CLASS" missed="0" covered="1"/></sourcefile><sourcefile name="ValidCurrentStateCheck.java"><line nr="16" mi="0" ci="7" mb="0" cb="0"/><line nr="17" mi="0" ci="1" mb="0" cb="0"/><line nr="22" mi="0" ci="4" mb="0" cb="0"/><line nr="23" mi="0" ci="5" mb="0" cb="0"/><line nr="24" mi="0" ci="5" mb="0" cb="0"/><line nr="25" mi="0" ci="2" mb="0" cb="0"/><counter type="INSTRUCTION" missed="0" covered="24"/><counter type="LINE" missed="0" covered="6"/><counter type="COMPLEXITY" missed="0" covered="2"/><counter type="METHOD" missed="0" covered="2"/><counter type="CLASS" missed="0" covered="1"/></sourcefile><counter type="INSTRUCTION" missed="4" covered="141"/><counter type="BRANCH" missed="3" covered="3"/><counter type="LINE" missed="1" covered="30"/><counter type="COMPLEXITY" missed="3" covered="8"/><counter type="METHOD" missed="0" covered="8"/><counter type="CLASS" missed="0" covered="2"/></package><package name="software/amazon/ec2/transitgatewaymulticastdomainassociation/workflow/create"><class name="software/amazon/ec2/transitgatewaymulticastdomainassociation/workflow/create/Create" sourcefilename="Create.java"><method name="&lt;init&gt;" desc="(Lsoftware/amazon/cloudformation/proxy/AmazonWebServicesClientProxy;Lsoftware/amazon/cloudformation/proxy/ResourceHandlerRequest;Lsoftware/amazon/ec2/transitgatewaymulticastdomainassociation/CallbackContext;Lsoftware/amazon/cloudformation/proxy/ProxyClient;Lsoftware/amazon/cloudformation/proxy/Logger;)V" line="27"><counter type="INSTRUCTION" missed="0" covered="18"/><counter type="LINE" missed="0" covered="7"/><counter type="COMPLEXITY" missed="0" covered="1"/><counter type="METHOD" missed="0" covered="1"/></method><method name="run" desc="(Lsoftware/amazon/cloudformation/proxy/ProgressEvent;)Lsoftware/amazon/cloudformation/proxy/ProgressEvent;" line="36"><counter type="INSTRUCTION" missed="0" covered="35"/><counter type="LINE" missed="0" covered="7"/><counter type="COMPLEXITY" missed="0" covered="1"/><counter type="METHOD" missed="0" covered="1"/></method><method name="translateModelToRequest" desc="(Lsoftware/amazon/ec2/transitgatewaymulticastdomainassociation/ResourceModel;)Lsoftware/amazon/awssdk/services/ec2/model/AssociateTransitGatewayMulticastDomainRequest;" line="46"><counter type="INSTRUCTION" missed="0" covered="18"/><counter type="LINE" missed="0" covered="5"/><counter type="COMPLEXITY" missed="0" covered="1"/><counter type="METHOD" missed="0" covered="1"/></method><method name="makeServiceCall" desc="(Lsoftware/amazon/awssdk/services/ec2/model/AssociateTransitGatewayMulticastDomainRequest;Lsoftware/amazon/cloudformation/proxy/ProxyClient;)Lsoftware/amazon/awssdk/services/ec2/model/AssociateTransitGatewayMulticastDomainResponse;" line="54"><counter type="INSTRUCTION" missed="0" covered="13"/><counter type="LINE" missed="0" covered="1"/><counter type="COMPLEXITY" missed="0" covered="1"/><counter type="METHOD" missed="0" covered="1"/></method><method name="stabilize" desc="(Lsoftware/amazon/awssdk/services/ec2/model/AssociateTransitGatewayMulticastDomainRequest;Lsoftware/amazon/awssdk/services/ec2/model/AssociateTransitGatewayMulticastDomainResponse;Lsoftware/amazon/cloudformation/proxy/ProxyClient;Lsoftware/amazon/ec2/transitgatewaymulticastdomainassociation/ResourceModel;Lsoftware/amazon/ec2/transitgatewaymulticastdomainassociation/CallbackContext;)Z" line="65"><counter type="INSTRUCTION" missed="0" covered="22"/><counter type="LINE" missed="0" covered="2"/><counter type="COMPLEXITY" missed="0" covered="1"/><counter type="METHOD" missed="0" covered="1"/></method><method name="handleError" desc="(Lsoftware/amazon/awssdk/services/ec2/model/AssociateTransitGatewayMulticastDomainRequest;Ljava/lang/Exception;Lsoftware/amazon/cloudformation/proxy/ProxyClient;Lsoftware/amazon/ec2/transitgatewaymulticastdomainassociation/ResourceModel;Lsoftware/amazon/ec2/transitgatewaymulticastdomainassociation/CallbackContext;)Lsoftware/amazon/cloudformation/proxy/ProgressEvent;" line="70"><counter type="INSTRUCTION" missed="12" covered="0"/><counter type="LINE" missed="3" covered="0"/><counter type="COMPLEXITY" missed="1" covered="0"/><counter type="METHOD" missed="1" covered="0"/></method><counter type="INSTRUCTION" missed="12" covered="106"/><counter type="LINE" missed="3" covered="22"/><counter type="COMPLEXITY" missed="1" covered="5"/><counter type="METHOD" missed="1" covered="5"/><counter type="CLASS" missed="0" covered="1"/></class><class name="software/amazon/ec2/transitgatewaymulticastdomainassociation/workflow/create/CreatePreCheck" sourcefilename="CreatePreCheck.java"><method name="&lt;init&gt;" desc="(Lsoftware/amazon/cloudformation/proxy/AmazonWebServicesClientProxy;Lsoftware/amazon/cloudformation/proxy/ResourceHandlerRequest;Lsoftware/amazon/ec2/transitgatewaymulticastdomainassociation/CallbackContext;Lsoftware/amazon/cloudformation/proxy/ProxyClient;Lsoftware/amazon/cloudformation/proxy/Logger;)V" line="28"><counter type="INSTRUCTION" missed="0" covered="23"/><counter type="LINE" missed="0" covered="8"/><counter type="COMPLEXITY" missed="0" covered="1"/><counter type="METHOD" missed="0" covered="1"/></method><method name="run" desc="(Lsoftware/amazon/cloudformation/proxy/ProgressEvent;)Lsoftware/amazon/cloudformation/proxy/ProgressEvent;" line="38"><counter type="INSTRUCTION" missed="7" covered="10"/><counter type="BRANCH" missed="1" covered="1"/><counter type="LINE" missed="2" covered="3"/><counter type="COMPLEXITY" missed="1" covered="1"/><counter type="METHOD" missed="0" covered="1"/></method><method name="validate" desc="()Lsoftware/amazon/cloudformation/proxy/ProgressEvent;" line="49"><counter type="INSTRUCTION" missed="0" covered="18"/><counter type="BRANCH" missed="0" covered="2"/><counter type="LINE" missed="0" covered="5"/><counter type="COMPLEXITY" missed="0" covered="2"/><counter type="METHOD" missed="0" covered="1"/></method><method name="failedRequest" desc="()Lsoftware/amazon/cloudformation/proxy/ProgressEvent;" line="63"><counter type="INSTRUCTION" missed="0" covered="17"/><counter type="LINE" missed="0" covered="2"/><counter type="COMPLEXITY" missed="0" covered="1"/><counter type="METHOD" missed="0" covered="1"/></method><method name="makeRequest" desc="()Lsoftware/amazon/ec2/transitgatewaymulticastdomainassociation/ResourceModel;" line="69"><counter type="INSTRUCTION" missed="0" covered="17"/><counter type="LINE" missed="0" covered="1"/><counter type="COMPLEXITY" missed="0" covered="1"/><counter type="METHOD" missed="0" covered="1"/></method><method name="handleError" desc="(Ljava/lang/Exception;)Lsoftware/amazon/cloudformation/proxy/ProgressEvent;" line="73"><counter type="INSTRUCTION" missed="9" covered="0"/><counter type="LINE" missed="2" covered="0"/><counter type="COMPLEXITY" missed="1" covered="0"/><counter type="METHOD" missed="1" covered="0"/></method><counter type="INSTRUCTION" missed="16" covered="85"/><counter type="BRANCH" missed="1" covered="3"/><counter type="LINE" missed="4" covered="19"/><counter type="COMPLEXITY" missed="2" covered="6"/><counter type="METHOD" missed="1" covered="5"/><counter type="CLASS" missed="0" covered="1"/></class><sourcefile name="Create.java"><line nr="27" mi="0" ci="2" mb="0" cb="0"/><line nr="28" mi="0" ci="3" mb="0" cb="0"/><line nr="29" mi="0" ci="3" mb="0" cb="0"/><line nr="30" mi="0" ci="3" mb="0" cb="0"/><line nr="31" mi="0" ci="3" mb="0" cb="0"/><line nr="32" mi="0" ci="3" mb="0" cb="0"/><line nr="33" mi="0" ci="1" mb="0" cb="0"/><line nr="36" mi="0" ci="7" mb="0" cb="0"/><line nr="37" mi="0" ci="17" mb="0" cb="0"/><line nr="38" mi="0" ci="3" mb="0" cb="0"/><line nr="39" mi="0" ci="3" mb="0" cb="0"/><line nr="40" mi="0" ci="3" mb="0" cb="0"/><line nr="41" mi="0" ci="1" mb="0" cb="0"/><line nr="42" mi="0" ci="1" mb="0" cb="0"/><line nr="46" mi="0" ci="3" mb="0" cb="0"/><line nr="47" mi="0" ci="3" mb="0" cb="0"/><line nr="48" mi="0" ci="7" mb="0" cb="0"/><line nr="49" mi="0" ci="3" mb="0" cb="0"/><line nr="50" mi="0" ci="2" mb="0" cb="0"/><line nr="54" mi="0" ci="13" mb="0" cb="0"/><line nr="65" mi="0" ci="17" mb="0" cb="0"/><line nr="66" mi="0" ci="5" mb="0" cb="0"/><line nr="70" mi="4" ci="0" mb="0" cb="0"/><line nr="71" mi="3" ci="0" mb="0" cb="0"/><line nr="72" mi="5" ci="0" mb="0" cb="0"/><counter type="INSTRUCTION" missed="12" covered="106"/><counter type="LINE" missed="3" covered="22"/><counter type="COMPLEXITY" missed="1" covered="5"/><counter type="METHOD" missed="1" covered="5"/><counter type="CLASS" missed="0" covered="1"/></sourcefile><sourcefile name="CreatePreCheck.java"><line nr="28" mi="0" ci="2" mb="0" cb="0"/><line nr="29" mi="0" ci="5" mb="0" cb="0"/><line nr="30" mi="0" ci="3" mb="0" cb="0"/><line nr="31" mi="0" ci="3" mb="0" cb="0"/><line nr="32" mi="0" ci="3" mb="0" cb="0"/><line nr="33" mi="0" ci="3" mb="0" cb="0"/><line nr="34" mi="0" ci="3" mb="0" cb="0"/><line nr="35" mi="0" ci="1" mb="0" cb="0"/><line nr="38" mi="2" ci="4" mb="1" cb="1"/><line nr="41" mi="0" ci="3" mb="0" cb="0"/><line nr="42" mi="0" ci="3" mb="0" cb="0"/><line nr="43" mi="1" ci="0" mb="0" cb="0"/><line nr="44" mi="4" ci="0" mb="0" cb="0"/><line nr="49" mi="0" ci="7" mb="0" cb="0"/><line nr="52" mi="0" ci="3" mb="0" cb="0"/><line nr="54" mi="0" ci="2" mb="0" cb="2"/><line nr="55" mi="0" ci="3" mb="0" cb="0"/><line nr="57" mi="0" ci="3" mb="0" cb="0"/><line nr="63" mi="0" ci="13" mb="0" cb="0"/><line nr="64" mi="0" ci="4" mb="0" cb="0"/><line nr="69" mi="0" ci="17" mb="0" cb="0"/><line nr="73" mi="4" ci="0" mb="0" cb="0"/><line nr="74" mi="5" ci="0" mb="0" cb="0"/><counter type="INSTRUCTION" missed="16" covered="85"/><counter type="BRANCH" missed="1" covered="3"/><counter type="LINE" missed="4" covered="19"/><counter type="COMPLEXITY" missed="2" covered="6"/><counter type="METHOD" missed="1" covered="5"/><counter type="CLASS" missed="0" covered="1"/></sourcefile><counter type="INSTRUCTION" missed="28" covered="191"/><counter type="BRANCH" missed="1" covered="3"/><counter type="LINE" missed="7" covered="41"/><counter type="COMPLEXITY" missed="3" covered="11"/><counter type="METHOD" missed="2" covered="10"/><counter type="CLASS" missed="0" covered="2"/></package><counter type="INSTRUCTION" missed="35" covered="1186"/><counter type="BRANCH" missed="6" covered="44"/><counter type="LINE" missed="8" covered="250"/><counter type="COMPLEXITY" missed="8" covered="81"/><counter type="METHOD" missed="2" covered="62"/><counter type="CLASS" missed="0" covered="15"/></report>