<?xml version="1.0" encoding="UTF-8" standalone="yes"?><!DOCTYPE report PUBLIC "-//JACOCO//DTD Report 1.1//EN" "report.dtd"><report name="aws-ec2-transitgatewaypeeringattachment-handler"><sessioninfo id="3c22fb983354.ant.amazon.com-32dc1202" start="1618409856643" dump="1618409871079"/><sessioninfo id="3c22fb983354.ant.amazon.com-366a39f1" start="1618409942967" dump="1618410400814"/><sessioninfo id="3c22fb983354.ant.amazon.com-7a0f86df" start="1618415057612" dump="1618415071493"/><sessioninfo id="3c22fb983354.ant.amazon.com-1e8e1189" start="1618415205466" dump="1618415209864"/><sessioninfo id="3c22fb983354.ant.amazon.com-2d4dcd15" start="1618415329913" dump="1618415335257"/><sessioninfo id="3c22fb983354.ant.amazon.com-18f10efa" start="1618415701954" dump="1618415706647"/><sessioninfo id="3c22fb983354.ant.amazon.com-f21476ec" start="1618418460145" dump="1618419676036"/><sessioninfo id="3c22fb983354.ant.amazon.com-5a8e9b8a" start="1618423035905" dump="1618423099280"/><sessioninfo id="3c22fb983354.ant.amazon.com-92905525" start="1618423270618" dump="1618423521825"/><sessioninfo id="3c22fb983354.ant.amazon.com-b004ff33" start="1618430803263" dump="1618430807547"/><sessioninfo id="3c22fb983354.ant.amazon.com-7df4725a" start="1618841068860" dump="1618841073419"/><sessioninfo id="3c22fb983354.ant.amazon.com-da8a3b1e" start="1618848406410" dump="1618848411491"/><package name="software/amazon/ec2/transitgatewaypeeringattachment"><class name="software/amazon/ec2/transitgatewaypeeringattachment/UpdateHandler" sourcefilename="UpdateHandler.java"><method name="&lt;init&gt;" desc="()V" line="11"><counter type="INSTRUCTION" missed="0" covered="3"/><counter type="LINE" missed="0" covered="1"/><counter type="COMPLEXITY" missed="0" covered="1"/><counter type="METHOD" missed="0" covered="1"/></method><method name="handleRequest" desc="(Lsoftware/amazon/cloudformation/proxy/AmazonWebServicesClientProxy;Lsoftware/amazon/cloudformation/proxy/ResourceHandlerRequest;Lsoftware/amazon/ec2/transitgatewaypeeringattachment/CallbackContext;Lsoftware/amazon/cloudformation/proxy/ProxyClient;Lsoftware/amazon/cloudformation/proxy/Logger;)Lsoftware/amazon/cloudformation/proxy/ProgressEvent;" line="18"><counter type="INSTRUCTION" missed="0" covered="56"/><counter type="LINE" missed="0" covered="6"/><counter type="COMPLEXITY" missed="0" covered="1"/><counter type="METHOD" missed="0" covered="1"/></method><counter type="INSTRUCTION" missed="0" covered="59"/><counter type="LINE" missed="0" covered="7"/><counter type="COMPLEXITY" missed="0" covered="2"/><counter type="METHOD" missed="0" covered="2"/><counter type="CLASS" missed="0" covered="1"/></class><class name="software/amazon/ec2/transitgatewaypeeringattachment/ClientBuilder" sourcefilename="ClientBuilder.java"><method name="&lt;init&gt;" desc="()V" line="6"><counter type="INSTRUCTION" missed="0" covered="3"/><counter type="LINE" missed="0" covered="1"/><counter type="COMPLEXITY" missed="0" covered="1"/><counter type="METHOD" missed="0" covered="1"/></method><method name="getClient" desc="()Lsoftware/amazon/awssdk/services/ec2/Ec2Client;" line="8"><counter type="INSTRUCTION" missed="0" covered="7"/><counter type="LINE" missed="0" covered="3"/><counter type="COMPLEXITY" missed="0" covered="1"/><counter type="METHOD" missed="0" covered="1"/></method><counter type="INSTRUCTION" missed="0" covered="10"/><counter type="LINE" missed="0" covered="4"/><counter type="COMPLEXITY" missed="0" covered="2"/><counter type="METHOD" missed="0" covered="2"/><counter type="CLASS" missed="0" covered="1"/></class><class name="software/amazon/ec2/transitgatewaypeeringattachment/Configuration" sourcefilename="Configuration.java"><method name="&lt;init&gt;" desc="()V" line="6"><counter type="INSTRUCTION" missed="0" covered="4"/><counter type="LINE" missed="0" covered="2"/><counter type="COMPLEXITY" missed="0" covered="1"/><counter type="METHOD" missed="0" covered="1"/></method><counter type="INSTRUCTION" missed="0" covered="4"/><counter type="LINE" missed="0" covered="2"/><counter type="COMPLEXITY" missed="0" covered="1"/><counter type="METHOD" missed="0" covered="1"/><counter type="CLASS" missed="0" covered="1"/></class><class name="software/amazon/ec2/transitgatewaypeeringattachment/CreateHandler" sourcefilename="CreateHandler.java"><method name="&lt;init&gt;" desc="()V" line="8"><counter type="INSTRUCTION" missed="0" covered="3"/><counter type="LINE" missed="0" covered="1"/><counter type="COMPLEXITY" missed="0" covered="1"/><counter type="METHOD" missed="0" covered="1"/></method><method name="handleRequest" desc="(Lsoftware/amazon/cloudformation/proxy/AmazonWebServicesClientProxy;Lsoftware/amazon/cloudformation/proxy/ResourceHandlerRequest;Lsoftware/amazon/ec2/transitgatewaypeeringattachment/CallbackContext;Lsoftware/amazon/cloudformation/proxy/ProxyClient;Lsoftware/amazon/cloudformation/proxy/Logger;)Lsoftware/amazon/cloudformation/proxy/ProgressEvent;" line="16"><counter type="INSTRUCTION" missed="0" covered="26"/><counter type="LINE" missed="0" covered="3"/><counter type="COMPLEXITY" missed="0" covered="1"/><counter type="METHOD" missed="0" covered="1"/></method><counter type="INSTRUCTION" missed="0" covered="29"/><counter type="LINE" missed="0" covered="4"/><counter type="COMPLEXITY" missed="0" covered="2"/><counter type="METHOD" missed="0" covered="2"/><counter type="CLASS" missed="0" covered="1"/></class><class name="software/amazon/ec2/transitgatewaypeeringattachment/ListHandler" sourcefilename="ListHandler.java"><method name="&lt;init&gt;" desc="()V" line="7"><counter type="INSTRUCTION" missed="0" covered="3"/><counter type="LINE" missed="0" covered="1"/><counter type="COMPLEXITY" missed="0" covered="1"/><counter type="METHOD" missed="0" covered="1"/></method><method name="handleRequest" desc="(Lsoftware/amazon/cloudformation/proxy/AmazonWebServicesClientProxy;Lsoftware/amazon/cloudformation/proxy/ResourceHandlerRequest;Lsoftware/amazon/ec2/transitgatewaypeeringattachment/CallbackContext;Lsoftware/amazon/cloudformation/proxy/ProxyClient;Lsoftware/amazon/cloudformation/proxy/Logger;)Lsoftware/amazon/cloudformation/proxy/ProgressEvent;" line="16"><counter type="INSTRUCTION" missed="0" covered="16"/><counter type="LINE" missed="0" covered="2"/><counter type="COMPLEXITY" missed="0" covered="1"/><counter type="METHOD" missed="0" covered="1"/></method><counter type="INSTRUCTION" missed="0" covered="19"/><counter type="LINE" missed="0" covered="3"/><counter type="COMPLEXITY" missed="0" covered="2"/><counter type="METHOD" missed="0" covered="2"/><counter type="CLASS" missed="0" covered="1"/></class><class name="software/amazon/ec2/transitgatewaypeeringattachment/Tag" sourcefilename="Tag.java"/><class name="software/amazon/ec2/transitgatewaypeeringattachment/Tag$TagBuilder" sourcefilename="Tag.java"/><class name="software/amazon/ec2/transitgatewaypeeringattachment/ReadHandler" sourcefilename="ReadHandler.java"><method name="&lt;init&gt;" desc="()V" line="7"><counter type="INSTRUCTION" missed="0" covered="3"/><counter type="LINE" missed="0" covered="1"/><counter type="COMPLEXITY" missed="0" covered="1"/><counter type="METHOD" missed="0" covered="1"/></method><method name="handleRequest" desc="(Lsoftware/amazon/cloudformation/proxy/AmazonWebServicesClientProxy;Lsoftware/amazon/cloudformation/proxy/ResourceHandlerRequest;Lsoftware/amazon/ec2/transitgatewaypeeringattachment/CallbackContext;Lsoftware/amazon/cloudformation/proxy/ProxyClient;Lsoftware/amazon/cloudformation/proxy/Logger;)Lsoftware/amazon/cloudformation/proxy/ProgressEvent;" line="15"><counter type="INSTRUCTION" missed="0" covered="16"/><counter type="LINE" missed="0" covered="2"/><counter type="COMPLEXITY" missed="0" covered="1"/><counter type="METHOD" missed="0" covered="1"/></method><counter type="INSTRUCTION" missed="0" covered="19"/><counter type="LINE" missed="0" covered="3"/><counter type="COMPLEXITY" missed="0" covered="2"/><counter type="METHOD" missed="0" covered="2"/><counter type="CLASS" missed="0" covered="1"/></class><class name="software/amazon/ec2/transitgatewaypeeringattachment/PeeringAttachmentStatus" sourcefilename="PeeringAttachmentStatus.java"/><class name="software/amazon/ec2/transitgatewaypeeringattachment/CallbackContext" sourcefilename="CallbackContext.java"><method name="&lt;init&gt;" desc="()V" line="9"><counter type="INSTRUCTION" missed="0" covered="6"/><counter type="LINE" missed="0" covered="2"/><counter type="COMPLEXITY" missed="0" covered="1"/><counter type="METHOD" missed="0" covered="1"/></method><counter type="INSTRUCTION" missed="0" covered="6"/><counter type="LINE" missed="0" covered="2"/><counter type="COMPLEXITY" missed="0" covered="1"/><counter type="METHOD" missed="0" covered="1"/><counter type="CLASS" missed="0" covered="1"/></class><class name="software/amazon/ec2/transitgatewaypeeringattachment/PeeringAttachmentStatus$PeeringAttachmentStatusBuilder" sourcefilename="PeeringAttachmentStatus.java"/><class name="software/amazon/ec2/transitgatewaypeeringattachment/DeleteHandler" sourcefilename="DeleteHandler.java"><method name="&lt;init&gt;" desc="()V" line="8"><counter type="INSTRUCTION" missed="0" covered="3"/><counter type="LINE" missed="0" covered="1"/><counter type="COMPLEXITY" missed="0" covered="1"/><counter type="METHOD" missed="0" covered="1"/></method><method name="handleRequest" desc="(Lsoftware/amazon/cloudformation/proxy/AmazonWebServicesClientProxy;Lsoftware/amazon/cloudformation/proxy/ResourceHandlerRequest;Lsoftware/amazon/ec2/transitgatewaypeeringattachment/CallbackContext;Lsoftware/amazon/cloudformation/proxy/ProxyClient;Lsoftware/amazon/cloudformation/proxy/Logger;)Lsoftware/amazon/cloudformation/proxy/ProgressEvent;" line="16"><counter type="INSTRUCTION" missed="0" covered="28"/><counter type="LINE" missed="0" covered="4"/><counter type="COMPLEXITY" missed="0" covered="1"/><counter type="METHOD" missed="0" covered="1"/></method><method name="lambda$handleRequest$0" desc="(Lsoftware/amazon/cloudformation/proxy/ProgressEvent;)Lsoftware/amazon/cloudformation/proxy/ProgressEvent;" line="19"><counter type="INSTRUCTION" missed="0" covered="3"/><counter type="LINE" missed="0" covered="1"/><counter type="COMPLEXITY" missed="0" covered="1"/><counter type="METHOD" missed="0" covered="1"/></method><counter type="INSTRUCTION" missed="0" covered="34"/><counter type="LINE" missed="0" covered="5"/><counter type="COMPLEXITY" missed="0" covered="3"/><counter type="METHOD" missed="0" covered="3"/><counter type="CLASS" missed="0" covered="1"/></class><sourcefile name="ReadHandler.java"><line nr="7" mi="0" ci="3" mb="0" cb="0"/><line nr="15" mi="0" ci="15" mb="0" cb="0"/><line nr="16" mi="0" ci="1" mb="0" cb="0"/><counter type="INSTRUCTION" missed="0" covered="19"/><counter type="LINE" missed="0" covered="3"/><counter type="COMPLEXITY" missed="0" covered="2"/><counter type="METHOD" missed="0" covered="2"/><counter type="CLASS" missed="0" covered="1"/></sourcefile><sourcefile name="CallbackContext.java"><line nr="9" mi="0" ci="2" mb="0" cb="0"/><line nr="10" mi="0" ci="4" mb="0" cb="0"/><counter type="INSTRUCTION" missed="0" covered="6"/><counter type="LINE" missed="0" covered="2"/><counter type="COMPLEXITY" missed="0" covered="1"/><counter type="METHOD" missed="0" covered="1"/><counter type="CLASS" missed="0" covered="1"/></sourcefile><sourcefile name="CreateHandler.java"><line nr="8" mi="0" ci="3" mb="0" cb="0"/><line nr="16" mi="0" ci="15" mb="0" cb="0"/><line nr="17" mi="0" ci="10" mb="0" cb="0"/><line nr="18" mi="0" ci="1" mb="0" cb="0"/><counter type="INSTRUCTION" missed="0" covered="29"/><counter type="LINE" missed="0" covered="4"/><counter type="COMPLEXITY" missed="0" covered="2"/><counter type="METHOD" missed="0" covered="2"/><counter type="CLASS" missed="0" covered="1"/></sourcefile><sourcefile name="Configuration.java"><line nr="6" mi="0" ci="3" mb="0" cb="0"/><line nr="7" mi="0" ci="1" mb="0" cb="0"/><counter type="INSTRUCTION" missed="0" covered="4"/><counter type="LINE" missed="0" covered="2"/><counter type="COMPLEXITY" missed="0" covered="1"/><counter type="METHOD" missed="0" covered="1"/><counter type="CLASS" missed="0" covered="1"/></sourcefile><sourcefile name="Tag.java"/><sourcefile name="ClientBuilder.java"><line nr="6" mi="0" ci="3" mb="0" cb="0"/><line nr="8" mi="0" ci="3" mb="0" cb="0"/><line nr="9" mi="0" ci="2" mb="0" cb="0"/><line nr="10" mi="0" ci="2" mb="0" cb="0"/><counter type="INSTRUCTION" missed="0" covered="10"/><counter type="LINE" missed="0" covered="4"/><counter type="COMPLEXITY" missed="0" covered="2"/><counter type="METHOD" missed="0" covered="2"/><counter type="CLASS" missed="0" covered="1"/></sourcefile><sourcefile name="PeeringAttachmentStatus.java"/><sourcefile name="UpdateHandler.java"><line nr="11" mi="0" ci="3" mb="0" cb="0"/><line nr="18" mi="0" ci="15" mb="0" cb="0"/><line nr="19" mi="0" ci="10" mb="0" cb="0"/><line nr="20" mi="0" ci="10" mb="0" cb="0"/><line nr="21" mi="0" ci="10" mb="0" cb="0"/><line nr="22" mi="0" ci="10" mb="0" cb="0"/><line nr="23" mi="0" ci="1" mb="0" cb="0"/><counter type="INSTRUCTION" missed="0" covered="59"/><counter type="LINE" missed="0" covered="7"/><counter type="COMPLEXITY" missed="0" covered="2"/><counter type="METHOD" missed="0" covered="2"/><counter type="CLASS" missed="0" covered="1"/></sourcefile><sourcefile name="ListHandler.java"><line nr="7" mi="0" ci="3" mb="0" cb="0"/><line nr="16" mi="0" ci="15" mb="0" cb="0"/><line nr="17" mi="0" ci="1" mb="0" cb="0"/><counter type="INSTRUCTION" missed="0" covered="19"/><counter type="LINE" missed="0" covered="3"/><counter type="COMPLEXITY" missed="0" covered="2"/><counter type="METHOD" missed="0" covered="2"/><counter type="CLASS" missed="0" covered="1"/></sourcefile><sourcefile name="DeleteHandler.java"><line nr="8" mi="0" ci="3" mb="0" cb="0"/><line nr="16" mi="0" ci="15" mb="0" cb="0"/><line nr="17" mi="0" ci="10" mb="0" cb="0"/><line nr="18" mi="0" ci="2" mb="0" cb="0"/><line nr="19" mi="0" ci="4" mb="0" cb="0"/><counter type="INSTRUCTION" missed="0" covered="34"/><counter type="LINE" missed="0" covered="5"/><counter type="COMPLEXITY" missed="0" covered="3"/><counter type="METHOD" missed="0" covered="3"/><counter type="CLASS" missed="0" covered="1"/></sourcefile><counter type="INSTRUCTION" missed="0" covered="180"/><counter type="LINE" missed="0" covered="30"/><counter type="COMPLEXITY" missed="0" covered="15"/><counter type="METHOD" missed="0" covered="15"/><counter type="CLASS" missed="0" covered="8"/></package><package name="software/amazon/ec2/transitgatewaypeeringattachment/workflow"><class name="software/amazon/ec2/transitgatewaypeeringattachment/workflow/TagUtils" sourcefilename="TagUtils.java"><method name="&lt;init&gt;" desc="()V" line="15"><counter type="INSTRUCTION" missed="0" covered="3"/><counter type="LINE" missed="0" covered="1"/><counter type="COMPLEXITY" missed="0" covered="1"/><counter type="METHOD" missed="0" covered="1"/></method><method name="sdkTagsToCfnTags" desc="(Ljava/util/List;)Ljava/util/List;" line="17"><counter type="INSTRUCTION" missed="0" covered="14"/><counter type="BRANCH" missed="0" covered="2"/><counter type="LINE" missed="0" covered="5"/><counter type="COMPLEXITY" missed="0" covered="2"/><counter type="METHOD" missed="0" covered="1"/></method><method name="cfnTagsToSdkTags" desc="(Ljava/util/List;)Ljava/util/List;" line="29"><counter type="INSTRUCTION" missed="0" covered="14"/><counter type="BRANCH" missed="0" covered="2"/><counter type="LINE" missed="0" covered="5"/><counter type="COMPLEXITY" missed="0" covered="2"/><counter type="METHOD" missed="0" covered="1"/></method><method name="cfnTagsToSdkTagSpecifications" desc="(Ljava/util/List;)Ljava/util/List;" line="41"><counter type="INSTRUCTION" missed="0" covered="6"/><counter type="LINE" missed="0" covered="2"/><counter type="COMPLEXITY" missed="0" covered="1"/><counter type="METHOD" missed="0" covered="1"/></method><method name="translateTagsToTagSpecifications" desc="(Ljava/util/List;)Ljava/util/List;" line="46"><counter type="INSTRUCTION" missed="0" covered="14"/><counter type="LINE" missed="0" covered="3"/><counter type="COMPLEXITY" missed="0" covered="1"/><counter type="METHOD" missed="0" covered="1"/></method><method name="listToSet" desc="(Ljava/util/List;)Ljava/util/Set;" line="52"><counter type="INSTRUCTION" missed="0" covered="12"/><counter type="BRANCH" missed="0" covered="2"/><counter type="LINE" missed="0" covered="1"/><counter type="COMPLEXITY" missed="0" covered="2"/><counter type="METHOD" missed="0" covered="1"/></method><method name="difference" desc="(Ljava/util/List;Ljava/util/List;)Ljava/util/List;" line="56"><counter type="INSTRUCTION" missed="0" covered="14"/><counter type="LINE" missed="0" covered="3"/><counter type="COMPLEXITY" missed="0" covered="1"/><counter type="METHOD" missed="0" covered="1"/></method><method name="lambda$cfnTagsToSdkTags$1" desc="(Lsoftware/amazon/ec2/transitgatewaypeeringattachment/Tag;)Lsoftware/amazon/awssdk/services/ec2/model/Tag;" line="33"><counter type="INSTRUCTION" missed="0" covered="10"/><counter type="LINE" missed="0" covered="4"/><counter type="COMPLEXITY" missed="0" covered="1"/><counter type="METHOD" missed="0" covered="1"/></method><method name="lambda$sdkTagsToCfnTags$0" desc="(Lsoftware/amazon/awssdk/services/ec2/model/Tag;)Lsoftware/amazon/ec2/transitgatewaypeeringattachment/Tag;" line="21"><counter type="INSTRUCTION" missed="0" covered="9"/><counter type="LINE" missed="0" covered="4"/><counter type="COMPLEXITY" missed="0" covered="1"/><counter type="METHOD" missed="0" covered="1"/></method><counter type="INSTRUCTION" missed="0" covered="96"/><counter type="BRANCH" missed="0" covered="6"/><counter type="LINE" missed="0" covered="26"/><counter type="COMPLEXITY" missed="0" covered="12"/><counter type="METHOD" missed="0" covered="9"/><counter type="CLASS" missed="0" covered="1"/></class><class name="software/amazon/ec2/transitgatewaypeeringattachment/workflow/ExceptionMapper" sourcefilename="ExceptionMapper.java"><method name="&lt;init&gt;" desc="()V" line="11"><counter type="INSTRUCTION" missed="0" covered="3"/><counter type="LINE" missed="0" covered="1"/><counter type="COMPLEXITY" missed="0" covered="1"/><counter type="METHOD" missed="0" covered="1"/></method><method name="mapToHandlerErrorCode" desc="(Ljava/lang/Exception;)Lsoftware/amazon/cloudformation/proxy/HandlerErrorCode;" line="13"><counter type="INSTRUCTION" missed="0" covered="49"/><counter type="BRANCH" missed="0" covered="14"/><counter type="LINE" missed="0" covered="17"/><counter type="COMPLEXITY" missed="0" covered="8"/><counter type="METHOD" missed="0" covered="1"/></method><method name="invalidRequestCodes" desc="()Ljava/util/List;" line="40"><counter type="INSTRUCTION" missed="0" covered="22"/><counter type="LINE" missed="0" covered="6"/><counter type="COMPLEXITY" missed="0" covered="1"/><counter type="METHOD" missed="0" covered="1"/></method><method name="listContains" desc="(Ljava/util/List;Ljava/lang/String;)Z" line="49"><counter type="INSTRUCTION" missed="0" covered="14"/><counter type="BRANCH" missed="0" covered="2"/><counter type="LINE" missed="0" covered="1"/><counter type="COMPLEXITY" missed="0" covered="2"/><counter type="METHOD" missed="0" covered="1"/></method><method name="lambda$listContains$0" desc="(Ljava/lang/String;Ljava/lang/String;)Z" line="49"><counter type="INSTRUCTION" missed="0" covered="4"/><counter type="LINE" missed="0" covered="1"/><counter type="COMPLEXITY" missed="0" covered="1"/><counter type="METHOD" missed="0" covered="1"/></method><counter type="INSTRUCTION" missed="0" covered="92"/><counter type="BRANCH" missed="0" covered="16"/><counter type="LINE" missed="0" covered="25"/><counter type="COMPLEXITY" missed="0" covered="13"/><counter type="METHOD" missed="0" covered="5"/><counter type="CLASS" missed="0" covered="1"/></class><class name="software/amazon/ec2/transitgatewaypeeringattachment/workflow/ValidCurrentStateCheckBase" sourcefilename="ValidCurrentStateCheckBase.java"><method name="&lt;init&gt;" desc="(Lsoftware/amazon/cloudformation/proxy/AmazonWebServicesClientProxy;Lsoftware/amazon/cloudformation/proxy/ResourceHandlerRequest;Lsoftware/amazon/ec2/transitgatewaypeeringattachment/CallbackContext;Lsoftware/amazon/cloudformation/proxy/ProxyClient;Lsoftware/amazon/cloudformation/proxy/Logger;)V" line="30"><counter type="INSTRUCTION" missed="0" covered="23"/><counter type="LINE" missed="0" covered="8"/><counter type="COMPLEXITY" missed="0" covered="1"/><counter type="METHOD" missed="0" covered="1"/></method><method name="run" desc="(Lsoftware/amazon/cloudformation/proxy/ProgressEvent;)Lsoftware/amazon/cloudformation/proxy/ProgressEvent;" line="40"><counter type="INSTRUCTION" missed="0" covered="17"/><counter type="BRANCH" missed="0" covered="2"/><counter type="LINE" missed="0" covered="5"/><counter type="COMPLEXITY" missed="0" covered="2"/><counter type="METHOD" missed="0" covered="1"/></method><method name="makeRequest" desc="()Lsoftware/amazon/ec2/transitgatewaypeeringattachment/ResourceModel;" line="51"><counter type="INSTRUCTION" missed="0" covered="17"/><counter type="LINE" missed="0" covered="1"/><counter type="COMPLEXITY" missed="0" covered="1"/><counter type="METHOD" missed="0" covered="1"/></method><method name="validate" desc="()Lsoftware/amazon/cloudformation/proxy/ProgressEvent;" line="55"><counter type="INSTRUCTION" missed="0" covered="26"/><counter type="BRANCH" missed="0" covered="8"/><counter type="LINE" missed="0" covered="3"/><counter type="COMPLEXITY" missed="0" covered="5"/><counter type="METHOD" missed="0" covered="1"/></method><method name="action" desc="()Ljava/lang/String;" line="63"><counter type="INSTRUCTION" missed="0" covered="16"/><counter type="LINE" missed="0" covered="3"/><counter type="COMPLEXITY" missed="0" covered="1"/><counter type="METHOD" missed="0" covered="1"/></method><method name="failure" desc="()Lsoftware/amazon/cloudformation/proxy/ProgressEvent;" line="69"><counter type="INSTRUCTION" missed="0" covered="42"/><counter type="BRANCH" missed="0" covered="2"/><counter type="LINE" missed="0" covered="4"/><counter type="COMPLEXITY" missed="0" covered="2"/><counter type="METHOD" missed="0" covered="1"/></method><method name="validStates" desc="()Ljava/util/List;" line="78"><counter type="INSTRUCTION" missed="0" covered="4"/><counter type="LINE" missed="0" covered="1"/><counter type="COMPLEXITY" missed="0" covered="1"/><counter type="METHOD" missed="0" covered="1"/></method><method name="invalidStates" desc="()Ljava/util/List;" line="81"><counter type="INSTRUCTION" missed="0" covered="4"/><counter type="LINE" missed="0" covered="1"/><counter type="COMPLEXITY" missed="0" covered="1"/><counter type="METHOD" missed="0" covered="1"/></method><method name="currentState" desc="()Ljava/lang/String;" line="84"><counter type="INSTRUCTION" missed="0" covered="13"/><counter type="BRANCH" missed="0" covered="2"/><counter type="LINE" missed="0" covered="3"/><counter type="COMPLEXITY" missed="0" covered="2"/><counter type="METHOD" missed="0" covered="1"/></method><method name="handleError" desc="(Ljava/lang/Exception;)Lsoftware/amazon/cloudformation/proxy/ProgressEvent;" line="92"><counter type="INSTRUCTION" missed="0" covered="5"/><counter type="LINE" missed="0" covered="1"/><counter type="COMPLEXITY" missed="0" covered="1"/><counter type="METHOD" missed="0" covered="1"/></method><counter type="INSTRUCTION" missed="0" covered="167"/><counter type="BRANCH" missed="0" covered="14"/><counter type="LINE" missed="0" covered="30"/><counter type="COMPLEXITY" missed="0" covered="17"/><counter type="METHOD" missed="0" covered="10"/><counter type="CLASS" missed="0" covered="1"/></class><sourcefile name="TagUtils.java"><line nr="15" mi="0" ci="3" mb="0" cb="0"/><line nr="17" mi="0" ci="2" mb="0" cb="2"/><line nr="18" mi="0" ci="4" mb="0" cb="0"/><line nr="20" mi="0" ci="4" mb="0" cb="0"/><line nr="21" mi="0" ci="4" mb="0" cb="0"/><line nr="22" mi="0" ci="3" mb="0" cb="0"/><line nr="23" mi="0" ci="2" mb="0" cb="0"/><line nr="24" mi="0" ci="1" mb="0" cb="0"/><line nr="25" mi="0" ci="3" mb="0" cb="0"/><line nr="29" mi="0" ci="2" mb="0" cb="2"/><line nr="30" mi="0" ci="4" mb="0" cb="0"/><line nr="32" mi="0" ci="4" mb="0" cb="0"/><line nr="33" mi="0" ci="3" mb="0" cb="0"/><line nr="34" mi="0" ci="3" mb="0" cb="0"/><line nr="35" mi="0" ci="2" mb="0" cb="0"/><line nr="36" mi="0" ci="3" mb="0" cb="0"/><line nr="37" mi="0" ci="3" mb="0" cb="0"/><line nr="41" mi="0" ci="3" mb="0" cb="0"/><line nr="42" mi="0" ci="3" mb="0" cb="0"/><line nr="46" mi="0" ci="8" mb="0" cb="0"/><line nr="47" mi="0" ci="2" mb="0" cb="0"/><line nr="48" mi="0" ci="4" mb="0" cb="0"/><line nr="52" mi="0" ci="12" mb="0" cb="2"/><line nr="56" mi="0" ci="3" mb="0" cb="0"/><line nr="57" mi="0" ci="3" mb="0" cb="0"/><line nr="58" mi="0" ci="8" mb="0" cb="0"/><counter type="INSTRUCTION" missed="0" covered="96"/><counter type="BRANCH" missed="0" covered="6"/><counter type="LINE" missed="0" covered="26"/><counter type="COMPLEXITY" missed="0" covered="12"/><counter type="METHOD" missed="0" covered="9"/><counter type="CLASS" missed="0" covered="1"/></sourcefile><sourcefile name="ValidCurrentStateCheckBase.java"><line nr="30" mi="0" ci="2" mb="0" cb="0"/><line nr="31" mi="0" ci="5" mb="0" cb="0"/><line nr="32" mi="0" ci="3" mb="0" cb="0"/><line nr="33" mi="0" ci="3" mb="0" cb="0"/><line nr="34" mi="0" ci="3" mb="0" cb="0"/><line nr="35" mi="0" ci="3" mb="0" cb="0"/><line nr="36" mi="0" ci="3" mb="0" cb="0"/><line nr="37" mi="0" ci="1" mb="0" cb="0"/><line nr="40" mi="0" ci="6" mb="0" cb="2"/><line nr="43" mi="0" ci="3" mb="0" cb="0"/><line nr="44" mi="0" ci="3" mb="0" cb="0"/><line nr="45" mi="0" ci="1" mb="0" cb="0"/><line nr="46" mi="0" ci="4" mb="0" cb="0"/><line nr="51" mi="0" ci="17" mb="0" cb="0"/><line nr="55" mi="0" ci="20" mb="0" cb="8"/><line nr="56" mi="0" ci="3" mb="0" cb="0"/><line nr="58" mi="0" ci="3" mb="0" cb="0"/><line nr="63" mi="0" ci="5" mb="0" cb="0"/><line nr="64" mi="0" ci="4" mb="0" cb="0"/><line nr="65" mi="0" ci="7" mb="0" cb="0"/><line nr="69" mi="0" ci="29" mb="0" cb="0"/><line nr="70" mi="0" ci="5" mb="0" cb="2"/><line nr="71" mi="0" ci="4" mb="0" cb="0"/><line nr="73" mi="0" ci="4" mb="0" cb="0"/><line nr="78" mi="0" ci="4" mb="0" cb="0"/><line nr="81" mi="0" ci="4" mb="0" cb="0"/><line nr="84" mi="0" ci="3" mb="0" cb="2"/><line nr="85" mi="0" ci="3" mb="0" cb="0"/><line nr="87" mi="0" ci="7" mb="0" cb="0"/><line nr="92" mi="0" ci="5" mb="0" cb="0"/><counter type="INSTRUCTION" missed="0" covered="167"/><counter type="BRANCH" missed="0" covered="14"/><counter type="LINE" missed="0" covered="30"/><counter type="COMPLEXITY" missed="0" covered="17"/><counter type="METHOD" missed="0" covered="10"/><counter type="CLASS" missed="0" covered="1"/></sourcefile><sourcefile name="ExceptionMapper.java"><line nr="11" mi="0" ci="3" mb="0" cb="0"/><line nr="13" mi="0" ci="3" mb="0" cb="2"/><line nr="14" mi="0" ci="3" mb="0" cb="0"/><line nr="15" mi="0" ci="4" mb="0" cb="0"/><line nr="17" mi="0" ci="4" mb="0" cb="2"/><line nr="18" mi="0" ci="2" mb="0" cb="0"/><line nr="19" mi="0" ci="4" mb="0" cb="2"/><line nr="20" mi="0" ci="2" mb="0" cb="0"/><line nr="21" mi="0" ci="4" mb="0" cb="2"/><line nr="22" mi="0" ci="2" mb="0" cb="0"/><line nr="23" mi="0" ci="4" mb="0" cb="2"/><line nr="24" mi="0" ci="2" mb="0" cb="0"/><line nr="25" mi="0" ci="4" mb="0" cb="2"/><line nr="26" mi="0" ci="2" mb="0" cb="0"/><line nr="28" mi="0" ci="2" mb="0" cb="0"/><line nr="31" mi="0" ci="3" mb="0" cb="2"/><line nr="32" mi="0" ci="2" mb="0" cb="0"/><line nr="34" mi="0" ci="2" mb="0" cb="0"/><line nr="40" mi="0" ci="4" mb="0" cb="0"/><line nr="41" mi="0" ci="4" mb="0" cb="0"/><line nr="42" mi="0" ci="4" mb="0" cb="0"/><line nr="43" mi="0" ci="4" mb="0" cb="0"/><line nr="44" mi="0" ci="4" mb="0" cb="0"/><line nr="45" mi="0" ci="2" mb="0" cb="0"/><line nr="49" mi="0" ci="18" mb="0" cb="2"/><counter type="INSTRUCTION" missed="0" covered="92"/><counter type="BRANCH" missed="0" covered="16"/><counter type="LINE" missed="0" covered="25"/><counter type="COMPLEXITY" missed="0" covered="13"/><counter type="METHOD" missed="0" covered="5"/><counter type="CLASS" missed="0" covered="1"/></sourcefile><counter type="INSTRUCTION" missed="0" covered="355"/><counter type="BRANCH" missed="0" covered="36"/><counter type="LINE" missed="0" covered="81"/><counter type="COMPLEXITY" missed="0" covered="42"/><counter type="METHOD" missed="0" covered="24"/><counter type="CLASS" missed="0" covered="3"/></package><package name="software/amazon/ec2/transitgatewaypeeringattachment/workflow/read"><class name="software/amazon/ec2/transitgatewaypeeringattachment/workflow/read/Read" sourcefilename="Read.java"><method name="&lt;init&gt;" desc="(Lsoftware/amazon/cloudformation/proxy/AmazonWebServicesClientProxy;Lsoftware/amazon/cloudformation/proxy/ResourceHandlerRequest;Lsoftware/amazon/ec2/transitgatewaypeeringattachment/CallbackContext;Lsoftware/amazon/cloudformation/proxy/ProxyClient;Lsoftware/amazon/cloudformation/proxy/Logger;)V" line="30"><counter type="INSTRUCTION" missed="0" covered="18"/><counter type="LINE" missed="0" covered="7"/><counter type="COMPLEXITY" missed="0" covered="1"/><counter type="METHOD" missed="0" covered="1"/></method><method name="run" desc="(Lsoftware/amazon/cloudformation/proxy/ProgressEvent;)Lsoftware/amazon/cloudformation/proxy/ProgressEvent;" line="39"><counter type="INSTRUCTION" missed="0" covered="30"/><counter type="LINE" missed="0" covered="6"/><counter type="COMPLEXITY" missed="0" covered="1"/><counter type="METHOD" missed="0" covered="1"/></method><method name="simpleRequest" desc="(Lsoftware/amazon/ec2/transitgatewaypeeringattachment/ResourceModel;)Lsoftware/amazon/ec2/transitgatewaypeeringattachment/ResourceModel;" line="48"><counter type="INSTRUCTION" missed="0" covered="23"/><counter type="LINE" missed="0" covered="3"/><counter type="COMPLEXITY" missed="0" covered="1"/><counter type="METHOD" missed="0" covered="1"/></method><method name="translateModelToRequest" desc="(Lsoftware/amazon/ec2/transitgatewaypeeringattachment/ResourceModel;)Lsoftware/amazon/awssdk/services/ec2/model/DescribeTransitGatewayPeeringAttachmentsRequest;" line="54"><counter type="INSTRUCTION" missed="0" covered="12"/><counter type="LINE" missed="0" covered="3"/><counter type="COMPLEXITY" missed="0" covered="1"/><counter type="METHOD" missed="0" covered="1"/></method><method name="makeServiceCall" desc="(Lsoftware/amazon/awssdk/services/ec2/model/DescribeTransitGatewayPeeringAttachmentsRequest;Lsoftware/amazon/cloudformation/proxy/ProxyClient;)Lsoftware/amazon/awssdk/services/ec2/model/DescribeTransitGatewayPeeringAttachmentsResponse;" line="60"><counter type="INSTRUCTION" missed="0" covered="13"/><counter type="LINE" missed="0" covered="1"/><counter type="COMPLEXITY" missed="0" covered="1"/><counter type="METHOD" missed="0" covered="1"/></method><method name="translateResponsesToModel" desc="(Lsoftware/amazon/awssdk/services/ec2/model/DescribeTransitGatewayPeeringAttachmentsResponse;Lsoftware/amazon/ec2/transitgatewaypeeringattachment/ResourceModel;)Lsoftware/amazon/ec2/transitgatewaypeeringattachment/ResourceModel;" line="64"><counter type="INSTRUCTION" missed="2" covered="55"/><counter type="BRANCH" missed="1" covered="1"/><counter type="LINE" missed="1" covered="16"/><counter type="COMPLEXITY" missed="1" covered="1"/><counter type="METHOD" missed="0" covered="1"/></method><method name="handleError" desc="(Lsoftware/amazon/awssdk/services/ec2/model/DescribeTransitGatewayPeeringAttachmentsRequest;Ljava/lang/Exception;Lsoftware/amazon/cloudformation/proxy/ProxyClient;Lsoftware/amazon/ec2/transitgatewaypeeringattachment/ResourceModel;Lsoftware/amazon/ec2/transitgatewaypeeringattachment/CallbackContext;)Lsoftware/amazon/cloudformation/proxy/ProgressEvent;" line="86"><counter type="INSTRUCTION" missed="0" covered="22"/><counter type="BRANCH" missed="0" covered="2"/><counter type="LINE" missed="0" covered="4"/><counter type="COMPLEXITY" missed="0" covered="2"/><counter type="METHOD" missed="0" covered="1"/></method><method name="done" desc="(Lsoftware/amazon/awssdk/services/ec2/model/DescribeTransitGatewayPeeringAttachmentsResponse;)Lsoftware/amazon/cloudformation/proxy/ProgressEvent;" line="95"><counter type="INSTRUCTION" missed="0" covered="39"/><counter type="BRANCH" missed="1" covered="3"/><counter type="LINE" missed="0" covered="5"/><counter type="COMPLEXITY" missed="1" covered="2"/><counter type="METHOD" missed="0" covered="1"/></method><counter type="INSTRUCTION" missed="2" covered="212"/><counter type="BRANCH" missed="2" covered="6"/><counter type="LINE" missed="1" covered="45"/><counter type="COMPLEXITY" missed="2" covered="10"/><counter type="METHOD" missed="0" covered="8"/><counter type="CLASS" missed="0" covered="1"/></class><sourcefile name="Read.java"><line nr="30" mi="0" ci="2" mb="0" cb="0"/><line nr="31" mi="0" ci="3" mb="0" cb="0"/><line nr="32" mi="0" ci="3" mb="0" cb="0"/><line nr="33" mi="0" ci="3" mb="0" cb="0"/><line nr="34" mi="0" ci="3" mb="0" cb="0"/><line nr="35" mi="0" ci="3" mb="0" cb="0"/><line nr="36" mi="0" ci="1" mb="0" cb="0"/><line nr="39" mi="0" ci="3" mb="0" cb="0"/><line nr="40" mi="0" ci="17" mb="0" cb="0"/><line nr="41" mi="0" ci="3" mb="0" cb="0"/><line nr="42" mi="0" ci="3" mb="0" cb="0"/><line nr="43" mi="0" ci="3" mb="0" cb="0"/><line nr="44" mi="0" ci="1" mb="0" cb="0"/><line nr="48" mi="0" ci="4" mb="0" cb="0"/><line nr="49" mi="0" ci="14" mb="0" cb="0"/><line nr="50" mi="0" ci="5" mb="0" cb="0"/><line nr="54" mi="0" ci="7" mb="0" cb="0"/><line nr="55" mi="0" ci="3" mb="0" cb="0"/><line nr="56" mi="0" ci="2" mb="0" cb="0"/><line nr="60" mi="0" ci="13" mb="0" cb="0"/><line nr="64" mi="0" ci="4" mb="1" cb="1"/><line nr="65" mi="2" ci="0" mb="0" cb="0"/><line nr="67" mi="0" ci="6" mb="0" cb="0"/><line nr="68" mi="0" ci="3" mb="0" cb="0"/><line nr="69" mi="0" ci="3" mb="0" cb="0"/><line nr="70" mi="0" ci="4" mb="0" cb="0"/><line nr="71" mi="0" ci="4" mb="0" cb="0"/><line nr="72" mi="0" ci="4" mb="0" cb="0"/><line nr="73" mi="0" ci="3" mb="0" cb="0"/><line nr="74" mi="0" ci="4" mb="0" cb="0"/><line nr="75" mi="0" ci="4" mb="0" cb="0"/><line nr="76" mi="0" ci="3" mb="0" cb="0"/><line nr="77" mi="0" ci="1" mb="0" cb="0"/><line nr="78" mi="0" ci="4" mb="0" cb="0"/><line nr="79" mi="0" ci="4" mb="0" cb="0"/><line nr="80" mi="0" ci="3" mb="0" cb="0"/><line nr="81" mi="0" ci="1" mb="0" cb="0"/><line nr="86" mi="0" ci="3" mb="0" cb="2"/><line nr="87" mi="0" ci="10" mb="0" cb="0"/><line nr="88" mi="0" ci="4" mb="0" cb="0"/><line nr="90" mi="0" ci="5" mb="0" cb="0"/><line nr="95" mi="0" ci="8" mb="0" cb="0"/><line nr="96" mi="0" ci="8" mb="1" cb="3"/><line nr="97" mi="0" ci="10" mb="0" cb="0"/><line nr="98" mi="0" ci="4" mb="0" cb="0"/><line nr="100" mi="0" ci="9" mb="0" cb="0"/><counter type="INSTRUCTION" missed="2" covered="212"/><counter type="BRANCH" missed="2" covered="6"/><counter type="LINE" missed="1" covered="45"/><counter type="COMPLEXITY" missed="2" covered="10"/><counter type="METHOD" missed="0" covered="8"/><counter type="CLASS" missed="0" covered="1"/></sourcefile><counter type="INSTRUCTION" missed="2" covered="212"/><counter type="BRANCH" missed="2" covered="6"/><counter type="LINE" missed="1" covered="45"/><counter type="COMPLEXITY" missed="2" covered="10"/><counter type="METHOD" missed="0" covered="8"/><counter type="CLASS" missed="0" covered="1"/></package><package name="software/amazon/ec2/transitgatewaypeeringattachment/workflow/create"><class name="software/amazon/ec2/transitgatewaypeeringattachment/workflow/create/Create" sourcefilename="Create.java"><method name="&lt;init&gt;" desc="(Lsoftware/amazon/cloudformation/proxy/AmazonWebServicesClientProxy;Lsoftware/amazon/cloudformation/proxy/ResourceHandlerRequest;Lsoftware/amazon/ec2/transitgatewaypeeringattachment/CallbackContext;Lsoftware/amazon/cloudformation/proxy/ProxyClient;Lsoftware/amazon/cloudformation/proxy/Logger;)V" line="28"><counter type="INSTRUCTION" missed="0" covered="18"/><counter type="LINE" missed="0" covered="7"/><counter type="COMPLEXITY" missed="0" covered="1"/><counter type="METHOD" missed="0" covered="1"/></method><method name="run" desc="(Lsoftware/amazon/cloudformation/proxy/ProgressEvent;)Lsoftware/amazon/cloudformation/proxy/ProgressEvent;" line="37"><counter type="INSTRUCTION" missed="0" covered="28"/><counter type="LINE" missed="0" covered="6"/><counter type="COMPLEXITY" missed="0" covered="1"/><counter type="METHOD" missed="0" covered="1"/></method><method name="translateModelToRequest" desc="(Lsoftware/amazon/ec2/transitgatewaypeeringattachment/ResourceModel;)Lsoftware/amazon/awssdk/services/ec2/model/CreateTransitGatewayPeeringAttachmentRequest;" line="46"><counter type="INSTRUCTION" missed="0" covered="20"/><counter type="LINE" missed="0" covered="7"/><counter type="COMPLEXITY" missed="0" covered="1"/><counter type="METHOD" missed="0" covered="1"/></method><method name="makeServiceCall" desc="(Lsoftware/amazon/awssdk/services/ec2/model/CreateTransitGatewayPeeringAttachmentRequest;Lsoftware/amazon/cloudformation/proxy/ProxyClient;)Lsoftware/amazon/awssdk/services/ec2/model/CreateTransitGatewayPeeringAttachmentResponse;" line="56"><counter type="INSTRUCTION" missed="0" covered="13"/><counter type="LINE" missed="0" covered="1"/><counter type="COMPLEXITY" missed="0" covered="1"/><counter type="METHOD" missed="0" covered="1"/></method><method name="stabilize" desc="(Lsoftware/amazon/awssdk/services/ec2/model/CreateTransitGatewayPeeringAttachmentRequest;Lsoftware/amazon/awssdk/services/ec2/model/CreateTransitGatewayPeeringAttachmentResponse;Lsoftware/amazon/cloudformation/proxy/ProxyClient;Lsoftware/amazon/ec2/transitgatewaypeeringattachment/ResourceModel;Lsoftware/amazon/ec2/transitgatewaypeeringattachment/CallbackContext;)Z" line="66"><counter type="INSTRUCTION" missed="1" covered="35"/><counter type="BRANCH" missed="2" covered="2"/><counter type="LINE" missed="0" covered="3"/><counter type="COMPLEXITY" missed="2" covered="1"/><counter type="METHOD" missed="0" covered="1"/></method><method name="handleError" desc="(Lsoftware/amazon/awssdk/services/ec2/model/CreateTransitGatewayPeeringAttachmentRequest;Ljava/lang/Exception;Lsoftware/amazon/cloudformation/proxy/ProxyClient;Lsoftware/amazon/ec2/transitgatewaypeeringattachment/ResourceModel;Lsoftware/amazon/ec2/transitgatewaypeeringattachment/CallbackContext;)Lsoftware/amazon/cloudformation/proxy/ProgressEvent;" line="72"><counter type="INSTRUCTION" missed="0" covered="5"/><counter type="LINE" missed="0" covered="1"/><counter type="COMPLEXITY" missed="0" covered="1"/><counter type="METHOD" missed="0" covered="1"/></method><counter type="INSTRUCTION" missed="1" covered="119"/><counter type="BRANCH" missed="2" covered="2"/><counter type="LINE" missed="0" covered="25"/><counter type="COMPLEXITY" missed="2" covered="6"/><counter type="METHOD" missed="0" covered="6"/><counter type="CLASS" missed="0" covered="1"/></class><sourcefile name="Create.java"><line nr="28" mi="0" ci="2" mb="0" cb="0"/><line nr="29" mi="0" ci="3" mb="0" cb="0"/><line nr="30" mi="0" ci="3" mb="0" cb="0"/><line nr="31" mi="0" ci="3" mb="0" cb="0"/><line nr="32" mi="0" ci="3" mb="0" cb="0"/><line nr="33" mi="0" ci="3" mb="0" cb="0"/><line nr="34" mi="0" ci="1" mb="0" cb="0"/><line nr="37" mi="0" ci="17" mb="0" cb="0"/><line nr="38" mi="0" ci="3" mb="0" cb="0"/><line nr="39" mi="0" ci="3" mb="0" cb="0"/><line nr="40" mi="0" ci="3" mb="0" cb="0"/><line nr="41" mi="0" ci="1" mb="0" cb="0"/><line nr="42" mi="0" ci="1" mb="0" cb="0"/><line nr="46" mi="0" ci="3" mb="0" cb="0"/><line nr="47" mi="0" ci="3" mb="0" cb="0"/><line nr="48" mi="0" ci="3" mb="0" cb="0"/><line nr="49" mi="0" ci="3" mb="0" cb="0"/><line nr="50" mi="0" ci="3" mb="0" cb="0"/><line nr="51" mi="0" ci="3" mb="0" cb="0"/><line nr="52" mi="0" ci="2" mb="0" cb="0"/><line nr="56" mi="0" ci="13" mb="0" cb="0"/><line nr="66" mi="0" ci="5" mb="0" cb="0"/><line nr="67" mi="0" ci="17" mb="0" cb="0"/><line nr="68" mi="1" ci="13" mb="2" cb="2"/><line nr="72" mi="0" ci="5" mb="0" cb="0"/><counter type="INSTRUCTION" missed="1" covered="119"/><counter type="BRANCH" missed="2" covered="2"/><counter type="LINE" missed="0" covered="25"/><counter type="COMPLEXITY" missed="2" covered="6"/><counter type="METHOD" missed="0" covered="6"/><counter type="CLASS" missed="0" covered="1"/></sourcefile><counter type="INSTRUCTION" missed="1" covered="119"/><counter type="BRANCH" missed="2" covered="2"/><counter type="LINE" missed="0" covered="25"/><counter type="COMPLEXITY" missed="2" covered="6"/><counter type="METHOD" missed="0" covered="6"/><counter type="CLASS" missed="0" covered="1"/></package><package name="software/amazon/ec2/transitgatewaypeeringattachment/workflow/update"><class name="software/amazon/ec2/transitgatewaypeeringattachment/workflow/update/DeleteTags" sourcefilename="DeleteTags.java"><method name="&lt;init&gt;" desc="(Lsoftware/amazon/cloudformation/proxy/AmazonWebServicesClientProxy;Lsoftware/amazon/cloudformation/proxy/ResourceHandlerRequest;Lsoftware/amazon/ec2/transitgatewaypeeringattachment/CallbackContext;Lsoftware/amazon/cloudformation/proxy/ProxyClient;Lsoftware/amazon/cloudformation/proxy/Logger;)V" line="30"><counter type="INSTRUCTION" missed="0" covered="18"/><counter type="LINE" missed="0" covered="7"/><counter type="COMPLEXITY" missed="0" covered="1"/><counter type="METHOD" missed="0" covered="1"/></method><method name="run" desc="(Lsoftware/amazon/cloudformation/proxy/ProgressEvent;)Lsoftware/amazon/cloudformation/proxy/ProgressEvent;" line="39"><counter type="INSTRUCTION" missed="0" covered="25"/><counter type="LINE" missed="0" covered="5"/><counter type="COMPLEXITY" missed="0" covered="1"/><counter type="METHOD" missed="0" covered="1"/></method><method name="translateModelToRequest" desc="(Lsoftware/amazon/ec2/transitgatewaypeeringattachment/ResourceModel;)Lsoftware/amazon/awssdk/services/ec2/model/DeleteTagsRequest;" line="47"><counter type="INSTRUCTION" missed="0" covered="18"/><counter type="LINE" missed="0" covered="5"/><counter type="COMPLEXITY" missed="0" covered="1"/><counter type="METHOD" missed="0" covered="1"/></method><method name="makeServiceCall" desc="(Lsoftware/amazon/awssdk/services/ec2/model/DeleteTagsRequest;Lsoftware/amazon/cloudformation/proxy/ProxyClient;)Lsoftware/amazon/awssdk/services/ec2/model/DeleteTagsResponse;" line="55"><counter type="INSTRUCTION" missed="0" covered="21"/><counter type="BRANCH" missed="0" covered="2"/><counter type="LINE" missed="0" covered="3"/><counter type="COMPLEXITY" missed="0" covered="2"/><counter type="METHOD" missed="0" covered="1"/></method><method name="tagsToDelete" desc="(Lsoftware/amazon/ec2/transitgatewaypeeringattachment/ResourceModel;)Ljava/util/List;" line="63"><counter type="INSTRUCTION" missed="0" covered="24"/><counter type="LINE" missed="0" covered="3"/><counter type="COMPLEXITY" missed="0" covered="1"/><counter type="METHOD" missed="0" covered="1"/></method><method name="handleError" desc="(Lsoftware/amazon/awssdk/services/ec2/model/DeleteTagsRequest;Ljava/lang/Exception;Lsoftware/amazon/cloudformation/proxy/ProxyClient;Lsoftware/amazon/ec2/transitgatewaypeeringattachment/ResourceModel;Lsoftware/amazon/ec2/transitgatewaypeeringattachment/CallbackContext;)Lsoftware/amazon/cloudformation/proxy/ProgressEvent;" line="69"><counter type="INSTRUCTION" missed="5" covered="0"/><counter type="LINE" missed="1" covered="0"/><counter type="COMPLEXITY" missed="1" covered="0"/><counter type="METHOD" missed="1" covered="0"/></method><counter type="INSTRUCTION" missed="5" covered="106"/><counter type="BRANCH" missed="0" covered="2"/><counter type="LINE" missed="1" covered="23"/><counter type="COMPLEXITY" missed="1" covered="6"/><counter type="METHOD" missed="1" covered="5"/><counter type="CLASS" missed="0" covered="1"/></class><class name="software/amazon/ec2/transitgatewaypeeringattachment/workflow/update/CreateTags" sourcefilename="CreateTags.java"><method name="&lt;init&gt;" desc="(Lsoftware/amazon/cloudformation/proxy/AmazonWebServicesClientProxy;Lsoftware/amazon/cloudformation/proxy/ResourceHandlerRequest;Lsoftware/amazon/ec2/transitgatewaypeeringattachment/CallbackContext;Lsoftware/amazon/cloudformation/proxy/ProxyClient;Lsoftware/amazon/cloudformation/proxy/Logger;)V" line="31"><counter type="INSTRUCTION" missed="0" covered="18"/><counter type="LINE" missed="0" covered="7"/><counter type="COMPLEXITY" missed="0" covered="1"/><counter type="METHOD" missed="0" covered="1"/></method><method name="run" desc="(Lsoftware/amazon/cloudformation/proxy/ProgressEvent;)Lsoftware/amazon/cloudformation/proxy/ProgressEvent;" line="40"><counter type="INSTRUCTION" missed="0" covered="25"/><counter type="LINE" missed="0" covered="5"/><counter type="COMPLEXITY" missed="0" covered="1"/><counter type="METHOD" missed="0" covered="1"/></method><method name="translateModelToRequest" desc="(Lsoftware/amazon/ec2/transitgatewaypeeringattachment/ResourceModel;)Lsoftware/amazon/awssdk/services/ec2/model/CreateTagsRequest;" line="48"><counter type="INSTRUCTION" missed="0" covered="18"/><counter type="LINE" missed="0" covered="5"/><counter type="COMPLEXITY" missed="0" covered="1"/><counter type="METHOD" missed="0" covered="1"/></method><method name="makeServiceCall" desc="(Lsoftware/amazon/awssdk/services/ec2/model/CreateTagsRequest;Lsoftware/amazon/cloudformation/proxy/ProxyClient;)Lsoftware/amazon/awssdk/services/ec2/model/CreateTagsResponse;" line="56"><counter type="INSTRUCTION" missed="0" covered="21"/><counter type="BRANCH" missed="0" covered="2"/><counter type="LINE" missed="0" covered="3"/><counter type="COMPLEXITY" missed="0" covered="2"/><counter type="METHOD" missed="0" covered="1"/></method><method name="tagsToCreate" desc="(Lsoftware/amazon/ec2/transitgatewaypeeringattachment/ResourceModel;)Ljava/util/List;" line="64"><counter type="INSTRUCTION" missed="0" covered="24"/><counter type="LINE" missed="0" covered="3"/><counter type="COMPLEXITY" missed="0" covered="1"/><counter type="METHOD" missed="0" covered="1"/></method><method name="handleError" desc="(Lsoftware/amazon/awssdk/services/ec2/model/CreateTagsRequest;Ljava/lang/Exception;Lsoftware/amazon/cloudformation/proxy/ProxyClient;Lsoftware/amazon/ec2/transitgatewaypeeringattachment/ResourceModel;Lsoftware/amazon/ec2/transitgatewaypeeringattachment/CallbackContext;)Lsoftware/amazon/cloudformation/proxy/ProgressEvent;" line="70"><counter type="INSTRUCTION" missed="5" covered="0"/><counter type="LINE" missed="1" covered="0"/><counter type="COMPLEXITY" missed="1" covered="0"/><counter type="METHOD" missed="1" covered="0"/></method><counter type="INSTRUCTION" missed="5" covered="106"/><counter type="BRANCH" missed="0" covered="2"/><counter type="LINE" missed="1" covered="23"/><counter type="COMPLEXITY" missed="1" covered="6"/><counter type="METHOD" missed="1" covered="5"/><counter type="CLASS" missed="0" covered="1"/></class><class name="software/amazon/ec2/transitgatewaypeeringattachment/workflow/update/ValidCurrentStateCheck" sourcefilename="ValidCurrentStateCheck.java"><method name="&lt;init&gt;" desc="(Lsoftware/amazon/cloudformation/proxy/AmazonWebServicesClientProxy;Lsoftware/amazon/cloudformation/proxy/ResourceHandlerRequest;Lsoftware/amazon/ec2/transitgatewaypeeringattachment/CallbackContext;Lsoftware/amazon/cloudformation/proxy/ProxyClient;Lsoftware/amazon/cloudformation/proxy/Logger;)V" line="16"><counter type="INSTRUCTION" missed="0" covered="8"/><counter type="LINE" missed="0" covered="2"/><counter type="COMPLEXITY" missed="0" covered="1"/><counter type="METHOD" missed="0" covered="1"/></method><method name="validStates" desc="()Ljava/util/List;" line="21"><counter type="INSTRUCTION" missed="0" covered="16"/><counter type="LINE" missed="0" covered="4"/><counter type="COMPLEXITY" missed="0" covered="1"/><counter type="METHOD" missed="0" covered="1"/></method><counter type="INSTRUCTION" missed="0" covered="24"/><counter type="LINE" missed="0" covered="6"/><counter type="COMPLEXITY" missed="0" covered="2"/><counter type="METHOD" missed="0" covered="2"/><counter type="CLASS" missed="0" covered="1"/></class><class name="software/amazon/ec2/transitgatewaypeeringattachment/workflow/update/ValidPropertiesCheck" sourcefilename="ValidPropertiesCheck.java"><method name="&lt;init&gt;" desc="(Lsoftware/amazon/cloudformation/proxy/AmazonWebServicesClientProxy;Lsoftware/amazon/cloudformation/proxy/ResourceHandlerRequest;Lsoftware/amazon/ec2/transitgatewaypeeringattachment/CallbackContext;Lsoftware/amazon/cloudformation/proxy/ProxyClient;Lsoftware/amazon/cloudformation/proxy/Logger;)V" line="32"><counter type="INSTRUCTION" missed="0" covered="18"/><counter type="LINE" missed="0" covered="7"/><counter type="COMPLEXITY" missed="0" covered="1"/><counter type="METHOD" missed="0" covered="1"/></method><method name="run" desc="(Lsoftware/amazon/cloudformation/proxy/ProgressEvent;)Lsoftware/amazon/cloudformation/proxy/ProgressEvent;" line="41"><counter type="INSTRUCTION" missed="22" covered="36"/><counter type="BRANCH" missed="1" covered="3"/><counter type="LINE" missed="2" covered="5"/><counter type="COMPLEXITY" missed="1" covered="2"/><counter type="METHOD" missed="0" covered="1"/></method><method name="getConfig" desc="()Lorg/json/JSONObject;" line="54"><counter type="INSTRUCTION" missed="0" covered="14"/><counter type="BRANCH" missed="0" covered="2"/><counter type="LINE" missed="0" covered="3"/><counter type="COMPLEXITY" missed="0" covered="2"/><counter type="METHOD" missed="0" covered="1"/></method><method name="createOnlyProperties" desc="()Ljava/util/List;" line="64"><counter type="INSTRUCTION" missed="4" covered="35"/><counter type="BRANCH" missed="1" covered="3"/><counter type="LINE" missed="1" covered="7"/><counter type="COMPLEXITY" missed="1" covered="2"/><counter type="METHOD" missed="0" covered="1"/></method><method name="invalidProperties" desc="()Ljava/util/List;" line="78"><counter type="INSTRUCTION" missed="0" covered="15"/><counter type="LINE" missed="0" covered="3"/><counter type="COMPLEXITY" missed="0" covered="1"/><counter type="METHOD" missed="0" covered="1"/></method><method name="lambda$invalidProperties$0" desc="(Lsoftware/amazon/ec2/transitgatewaypeeringattachment/ResourceModel;Ljava/lang/String;)Z" line="81"><counter type="INSTRUCTION" missed="2" covered="25"/><counter type="BRANCH" missed="1" covered="1"/><counter type="LINE" missed="0" covered="4"/><counter type="COMPLEXITY" missed="1" covered="1"/><counter type="METHOD" missed="0" covered="1"/></method><counter type="INSTRUCTION" missed="28" covered="143"/><counter type="BRANCH" missed="3" covered="9"/><counter type="LINE" missed="3" covered="29"/><counter type="COMPLEXITY" missed="3" covered="9"/><counter type="METHOD" missed="0" covered="6"/><counter type="CLASS" missed="0" covered="1"/></class><sourcefile name="CreateTags.java"><line nr="31" mi="0" ci="2" mb="0" cb="0"/><line nr="32" mi="0" ci="3" mb="0" cb="0"/><line nr="33" mi="0" ci="3" mb="0" cb="0"/><line nr="34" mi="0" ci="3" mb="0" cb="0"/><line nr="35" mi="0" ci="3" mb="0" cb="0"/><line nr="36" mi="0" ci="3" mb="0" cb="0"/><line nr="37" mi="0" ci="1" mb="0" cb="0"/><line nr="40" mi="0" ci="17" mb="0" cb="0"/><line nr="41" mi="0" ci="3" mb="0" cb="0"/><line nr="42" mi="0" ci="3" mb="0" cb="0"/><line nr="43" mi="0" ci="1" mb="0" cb="0"/><line nr="44" mi="0" ci="1" mb="0" cb="0"/><line nr="48" mi="0" ci="4" mb="0" cb="0"/><line nr="49" mi="0" ci="7" mb="0" cb="0"/><line nr="50" mi="0" ci="4" mb="0" cb="0"/><line nr="51" mi="0" ci="1" mb="0" cb="0"/><line nr="52" mi="0" ci="2" mb="0" cb="0"/><line nr="56" mi="0" ci="4" mb="0" cb="2"/><line nr="57" mi="0" ci="4" mb="0" cb="0"/><line nr="59" mi="0" ci="13" mb="0" cb="0"/><line nr="64" mi="0" ci="17" mb="0" cb="0"/><line nr="65" mi="0" ci="3" mb="0" cb="0"/><line nr="66" mi="0" ci="4" mb="0" cb="0"/><line nr="70" mi="5" ci="0" mb="0" cb="0"/><counter type="INSTRUCTION" missed="5" covered="106"/><counter type="BRANCH" missed="0" covered="2"/><counter type="LINE" missed="1" covered="23"/><counter type="COMPLEXITY" missed="1" covered="6"/><counter type="METHOD" missed="1" covered="5"/><counter type="CLASS" missed="0" covered="1"/></sourcefile><sourcefile name="ValidCurrentStateCheck.java"><line nr="16" mi="0" ci="7" mb="0" cb="0"/><line nr="17" mi="0" ci="1" mb="0" cb="0"/><line nr="21" mi="0" ci="4" mb="0" cb="0"/><line nr="22" mi="0" ci="5" mb="0" cb="0"/><line nr="23" mi="0" ci="5" mb="0" cb="0"/><line nr="24" mi="0" ci="2" mb="0" cb="0"/><counter type="INSTRUCTION" missed="0" covered="24"/><counter type="LINE" missed="0" covered="6"/><counter type="COMPLEXITY" missed="0" covered="2"/><counter type="METHOD" missed="0" covered="2"/><counter type="CLASS" missed="0" covered="1"/></sourcefile><sourcefile name="DeleteTags.java"><line nr="30" mi="0" ci="2" mb="0" cb="0"/><line nr="31" mi="0" ci="3" mb="0" cb="0"/><line nr="32" mi="0" ci="3" mb="0" cb="0"/><line nr="33" mi="0" ci="3" mb="0" cb="0"/><line nr="34" mi="0" ci="3" mb="0" cb="0"/><line nr="35" mi="0" ci="3" mb="0" cb="0"/><line nr="36" mi="0" ci="1" mb="0" cb="0"/><line nr="39" mi="0" ci="17" mb="0" cb="0"/><line nr="40" mi="0" ci="3" mb="0" cb="0"/><line nr="41" mi="0" ci="3" mb="0" cb="0"/><line nr="42" mi="0" ci="1" mb="0" cb="0"/><line nr="43" mi="0" ci="1" mb="0" cb="0"/><line nr="47" mi="0" ci="4" mb="0" cb="0"/><line nr="48" mi="0" ci="7" mb="0" cb="0"/><line nr="49" mi="0" ci="4" mb="0" cb="0"/><line nr="50" mi="0" ci="1" mb="0" cb="0"/><line nr="51" mi="0" ci="2" mb="0" cb="0"/><line nr="55" mi="0" ci="4" mb="0" cb="2"/><line nr="56" mi="0" ci="4" mb="0" cb="0"/><line nr="58" mi="0" ci="13" mb="0" cb="0"/><line nr="63" mi="0" ci="17" mb="0" cb="0"/><line nr="64" mi="0" ci="3" mb="0" cb="0"/><line nr="65" mi="0" ci="4" mb="0" cb="0"/><line nr="69" mi="5" ci="0" mb="0" cb="0"/><counter type="INSTRUCTION" missed="5" covered="106"/><counter type="BRANCH" missed="0" covered="2"/><counter type="LINE" missed="1" covered="23"/><counter type="COMPLEXITY" missed="1" covered="6"/><counter type="METHOD" missed="1" covered="5"/><counter type="CLASS" missed="0" covered="1"/></sourcefile><sourcefile name="ValidPropertiesCheck.java"><line nr="32" mi="0" ci="2" mb="0" cb="0"/><line nr="33" mi="0" ci="3" mb="0" cb="0"/><line nr="34" mi="0" ci="3" mb="0" cb="0"/><line nr="35" mi="0" ci="3" mb="0" cb="0"/><line nr="36" mi="0" ci="3" mb="0" cb="0"/><line nr="37" mi="0" ci="3" mb="0" cb="0"/><line nr="38" mi="0" ci="1" mb="0" cb="0"/><line nr="41" mi="0" ci="6" mb="0" cb="2"/><line nr="42" mi="0" ci="20" mb="0" cb="0"/><line nr="43" mi="0" ci="4" mb="0" cb="0"/><line nr="45" mi="0" ci="4" mb="1" cb="1"/><line nr="46" mi="0" ci="2" mb="0" cb="0"/><line nr="48" mi="18" ci="0" mb="0" cb="0"/><line nr="49" mi="4" ci="0" mb="0" cb="0"/><line nr="54" mi="0" ci="3" mb="0" cb="2"/><line nr="55" mi="0" ci="8" mb="0" cb="0"/><line nr="57" mi="0" ci="3" mb="0" cb="0"/><line nr="64" mi="0" ci="5" mb="1" cb="1"/><line nr="65" mi="0" ci="5" mb="0" cb="0"/><line nr="66" mi="0" ci="4" mb="0" cb="0"/><line nr="67" mi="0" ci="8" mb="0" cb="2"/><line nr="68" mi="0" ci="7" mb="0" cb="0"/><line nr="69" mi="0" ci="4" mb="0" cb="0"/><line nr="71" mi="0" ci="2" mb="0" cb="0"/><line nr="73" mi="4" ci="0" mb="0" cb="0"/><line nr="78" mi="0" ci="5" mb="0" cb="0"/><line nr="79" mi="0" ci="7" mb="0" cb="0"/><line nr="81" mi="0" ci="14" mb="0" cb="0"/><line nr="82" mi="2" ci="8" mb="1" cb="1"/><line nr="83" mi="0" ci="1" mb="0" cb="0"/><line nr="84" mi="0" ci="2" mb="0" cb="0"/><line nr="86" mi="0" ci="3" mb="0" cb="0"/><counter type="INSTRUCTION" missed="28" covered="143"/><counter type="BRANCH" missed="3" covered="9"/><counter type="LINE" missed="3" covered="29"/><counter type="COMPLEXITY" missed="3" covered="9"/><counter type="METHOD" missed="0" covered="6"/><counter type="CLASS" missed="0" covered="1"/></sourcefile><counter type="INSTRUCTION" missed="38" covered="379"/><counter type="BRANCH" missed="3" covered="13"/><counter type="LINE" missed="5" covered="81"/><counter type="COMPLEXITY" missed="5" covered="23"/><counter type="METHOD" missed="2" covered="18"/><counter type="CLASS" missed="0" covered="4"/></package><package name="software/amazon/ec2/transitgatewaypeeringattachment/workflow/delete"><class name="software/amazon/ec2/transitgatewaypeeringattachment/workflow/delete/Delete" sourcefilename="Delete.java"><method name="&lt;init&gt;" desc="(Lsoftware/amazon/cloudformation/proxy/AmazonWebServicesClientProxy;Lsoftware/amazon/cloudformation/proxy/ResourceHandlerRequest;Lsoftware/amazon/ec2/transitgatewaypeeringattachment/CallbackContext;Lsoftware/amazon/cloudformation/proxy/ProxyClient;Lsoftware/amazon/cloudformation/proxy/Logger;)V" line="28"><counter type="INSTRUCTION" missed="0" covered="18"/><counter type="LINE" missed="0" covered="7"/><counter type="COMPLEXITY" missed="0" covered="1"/><counter type="METHOD" missed="0" covered="1"/></method><method name="run" desc="(Lsoftware/amazon/cloudformation/proxy/ProgressEvent;)Lsoftware/amazon/cloudformation/proxy/ProgressEvent;" line="37"><counter type="INSTRUCTION" missed="0" covered="31"/><counter type="LINE" missed="0" covered="7"/><counter type="COMPLEXITY" missed="0" covered="1"/><counter type="METHOD" missed="0" covered="1"/></method><method name="translateModelToRequest" desc="(Lsoftware/amazon/ec2/transitgatewaypeeringattachment/ResourceModel;)Lsoftware/amazon/awssdk/services/ec2/model/DeleteTransitGatewayPeeringAttachmentRequest;" line="48"><counter type="INSTRUCTION" missed="0" covered="7"/><counter type="LINE" missed="0" covered="3"/><counter type="COMPLEXITY" missed="0" covered="1"/><counter type="METHOD" missed="0" covered="1"/></method><method name="makeServiceCall" desc="(Lsoftware/amazon/awssdk/services/ec2/model/DeleteTransitGatewayPeeringAttachmentRequest;Lsoftware/amazon/cloudformation/proxy/ProxyClient;)Lsoftware/amazon/awssdk/services/ec2/model/DeleteTransitGatewayPeeringAttachmentResponse;" line="54"><counter type="INSTRUCTION" missed="0" covered="13"/><counter type="LINE" missed="0" covered="1"/><counter type="COMPLEXITY" missed="0" covered="1"/><counter type="METHOD" missed="0" covered="1"/></method><method name="stabilize" desc="(Lsoftware/amazon/awssdk/services/ec2/model/DeleteTransitGatewayPeeringAttachmentRequest;Lsoftware/amazon/awssdk/services/ec2/model/DeleteTransitGatewayPeeringAttachmentResponse;Lsoftware/amazon/cloudformation/proxy/ProxyClient;Lsoftware/amazon/ec2/transitgatewaypeeringattachment/ResourceModel;Lsoftware/amazon/ec2/transitgatewaypeeringattachment/CallbackContext;)Z" line="65"><counter type="INSTRUCTION" missed="0" covered="22"/><counter type="LINE" missed="0" covered="2"/><counter type="COMPLEXITY" missed="0" covered="1"/><counter type="METHOD" missed="0" covered="1"/></method><method name="handleError" desc="(Lsoftware/amazon/awssdk/services/ec2/model/DeleteTransitGatewayPeeringAttachmentRequest;Ljava/lang/Exception;Lsoftware/amazon/cloudformation/proxy/ProxyClient;Lsoftware/amazon/ec2/transitgatewaypeeringattachment/ResourceModel;Lsoftware/amazon/ec2/transitgatewaypeeringattachment/CallbackContext;)Lsoftware/amazon/cloudformation/proxy/ProgressEvent;" line="70"><counter type="INSTRUCTION" missed="0" covered="13"/><counter type="BRANCH" missed="0" covered="2"/><counter type="LINE" missed="0" covered="3"/><counter type="COMPLEXITY" missed="0" covered="2"/><counter type="METHOD" missed="0" covered="1"/></method><counter type="INSTRUCTION" missed="0" covered="104"/><counter type="BRANCH" missed="0" covered="2"/><counter type="LINE" missed="0" covered="23"/><counter type="COMPLEXITY" missed="0" covered="7"/><counter type="METHOD" missed="0" covered="6"/><counter type="CLASS" missed="0" covered="1"/></class><class name="software/amazon/ec2/transitgatewaypeeringattachment/workflow/delete/ValidCurrentStateCheck" sourcefilename="ValidCurrentStateCheck.java"><method name="&lt;init&gt;" desc="(Lsoftware/amazon/cloudformation/proxy/AmazonWebServicesClientProxy;Lsoftware/amazon/cloudformation/proxy/ResourceHandlerRequest;Lsoftware/amazon/ec2/transitgatewaypeeringattachment/CallbackContext;Lsoftware/amazon/cloudformation/proxy/ProxyClient;Lsoftware/amazon/cloudformation/proxy/Logger;)V" line="16"><counter type="INSTRUCTION" missed="0" covered="8"/><counter type="LINE" missed="0" covered="2"/><counter type="COMPLEXITY" missed="0" covered="1"/><counter type="METHOD" missed="0" covered="1"/></method><method name="validStates" desc="()Ljava/util/List;" line="22"><counter type="INSTRUCTION" missed="0" covered="21"/><counter type="LINE" missed="0" covered="5"/><counter type="COMPLEXITY" missed="0" covered="1"/><counter type="METHOD" missed="0" covered="1"/></method><counter type="INSTRUCTION" missed="0" covered="29"/><counter type="LINE" missed="0" covered="7"/><counter type="COMPLEXITY" missed="0" covered="2"/><counter type="METHOD" missed="0" covered="2"/><counter type="CLASS" missed="0" covered="1"/></class><sourcefile name="ValidCurrentStateCheck.java"><line nr="16" mi="0" ci="7" mb="0" cb="0"/><line nr="17" mi="0" ci="1" mb="0" cb="0"/><line nr="22" mi="0" ci="4" mb="0" cb="0"/><line nr="23" mi="0" ci="5" mb="0" cb="0"/><line nr="24" mi="0" ci="5" mb="0" cb="0"/><line nr="25" mi="0" ci="5" mb="0" cb="0"/><line nr="26" mi="0" ci="2" mb="0" cb="0"/><counter type="INSTRUCTION" missed="0" covered="29"/><counter type="LINE" missed="0" covered="7"/><counter type="COMPLEXITY" missed="0" covered="2"/><counter type="METHOD" missed="0" covered="2"/><counter type="CLASS" missed="0" covered="1"/></sourcefile><sourcefile name="Delete.java"><line nr="28" mi="0" ci="2" mb="0" cb="0"/><line nr="29" mi="0" ci="3" mb="0" cb="0"/><line nr="30" mi="0" ci="3" mb="0" cb="0"/><line nr="31" mi="0" ci="3" mb="0" cb="0"/><line nr="32" mi="0" ci="3" mb="0" cb="0"/><line nr="33" mi="0" ci="3" mb="0" cb="0"/><line nr="34" mi="0" ci="1" mb="0" cb="0"/><line nr="37" mi="0" ci="3" mb="0" cb="0"/><line nr="38" mi="0" ci="17" mb="0" cb="0"/><line nr="39" mi="0" ci="3" mb="0" cb="0"/><line nr="40" mi="0" ci="3" mb="0" cb="0"/><line nr="41" mi="0" ci="3" mb="0" cb="0"/><line nr="42" mi="0" ci="1" mb="0" cb="0"/><line nr="43" mi="0" ci="1" mb="0" cb="0"/><line nr="48" mi="0" ci="3" mb="0" cb="0"/><line nr="49" mi="0" ci="2" mb="0" cb="0"/><line nr="50" mi="0" ci="2" mb="0" cb="0"/><line nr="54" mi="0" ci="13" mb="0" cb="0"/><line nr="65" mi="0" ci="17" mb="0" cb="0"/><line nr="66" mi="0" ci="5" mb="0" cb="0"/><line nr="70" mi="0" ci="5" mb="0" cb="2"/><line nr="71" mi="0" ci="3" mb="0" cb="0"/><line nr="73" mi="0" ci="5" mb="0" cb="0"/><counter type="INSTRUCTION" missed="0" covered="104"/><counter type="BRANCH" missed="0" covered="2"/><counter type="LINE" missed="0" covered="23"/><counter type="COMPLEXITY" missed="0" covered="7"/><counter type="METHOD" missed="0" covered="6"/><counter type="CLASS" missed="0" covered="1"/></sourcefile><counter type="INSTRUCTION" missed="0" covered="133"/><counter type="BRANCH" missed="0" covered="2"/><counter type="LINE" missed="0" covered="30"/><counter type="COMPLEXITY" missed="0" covered="9"/><counter type="METHOD" missed="0" covered="8"/><counter type="CLASS" missed="0" covered="2"/></package><package name="software/amazon/ec2/transitgatewaypeeringattachment/workflow/list"><class name="software/amazon/ec2/transitgatewaypeeringattachment/workflow/list/List" sourcefilename="List.java"><method name="&lt;init&gt;" desc="(Lsoftware/amazon/cloudformation/proxy/AmazonWebServicesClientProxy;Lsoftware/amazon/cloudformation/proxy/ResourceHandlerRequest;Lsoftware/amazon/ec2/transitgatewaypeeringattachment/CallbackContext;Lsoftware/amazon/cloudformation/proxy/ProxyClient;Lsoftware/amazon/cloudformation/proxy/Logger;)V" line="29"><counter type="INSTRUCTION" missed="0" covered="18"/><counter type="LINE" missed="0" covered="7"/><counter type="COMPLEXITY" missed="0" covered="1"/><counter type="METHOD" missed="0" covered="1"/></method><method name="run" desc="(Lsoftware/amazon/cloudformation/proxy/ProgressEvent;)Lsoftware/amazon/cloudformation/proxy/ProgressEvent;" line="38"><counter type="INSTRUCTION" missed="0" covered="40"/><counter type="LINE" missed="0" covered="10"/><counter type="COMPLEXITY" missed="0" covered="1"/><counter type="METHOD" missed="0" covered="1"/></method><method name="translateModelToRequest" desc="(Lsoftware/amazon/ec2/transitgatewaypeeringattachment/ResourceModel;)Lsoftware/amazon/awssdk/services/ec2/model/DescribeTransitGatewayPeeringAttachmentsRequest;" line="54"><counter type="INSTRUCTION" missed="0" covered="11"/><counter type="LINE" missed="0" covered="3"/><counter type="COMPLEXITY" missed="0" covered="1"/><counter type="METHOD" missed="0" covered="1"/></method><method name="makeServiceCall" desc="(Lsoftware/amazon/awssdk/services/ec2/model/DescribeTransitGatewayPeeringAttachmentsRequest;Lsoftware/amazon/cloudformation/proxy/ProxyClient;)Lsoftware/amazon/awssdk/services/ec2/model/DescribeTransitGatewayPeeringAttachmentsResponse;" line="60"><counter type="INSTRUCTION" missed="0" covered="13"/><counter type="LINE" missed="0" covered="1"/><counter type="COMPLEXITY" missed="0" covered="1"/><counter type="METHOD" missed="0" covered="1"/></method><method name="translateResponseToModel" desc="(Lsoftware/amazon/awssdk/services/ec2/model/DescribeTransitGatewayPeeringAttachmentsResponse;)Ljava/util/List;" line="64"><counter type="INSTRUCTION" missed="0" covered="11"/><counter type="LINE" missed="0" covered="4"/><counter type="COMPLEXITY" missed="0" covered="1"/><counter type="METHOD" missed="0" covered="1"/></method><method name="handleError" desc="(Lsoftware/amazon/awssdk/services/ec2/model/DescribeTransitGatewayPeeringAttachmentsRequest;Ljava/lang/Exception;Lsoftware/amazon/cloudformation/proxy/ProxyClient;Lsoftware/amazon/ec2/transitgatewaypeeringattachment/ResourceModel;Lsoftware/amazon/ec2/transitgatewaypeeringattachment/CallbackContext;)Lsoftware/amazon/cloudformation/proxy/ProgressEvent;" line="73"><counter type="INSTRUCTION" missed="0" covered="5"/><counter type="LINE" missed="0" covered="1"/><counter type="COMPLEXITY" missed="0" covered="1"/><counter type="METHOD" missed="0" covered="1"/></method><method name="streamOfOrEmpty" desc="(Ljava/util/Collection;)Ljava/util/stream/Stream;" line="77"><counter type="INSTRUCTION" missed="0" covered="8"/><counter type="LINE" missed="0" covered="3"/><counter type="COMPLEXITY" missed="0" covered="1"/><counter type="METHOD" missed="0" covered="1"/></method><method name="lambda$translateResponseToModel$1" desc="(Lsoftware/amazon/awssdk/services/ec2/model/TransitGatewayPeeringAttachment;)Lsoftware/amazon/ec2/transitgatewaypeeringattachment/ResourceModel;" line="66"><counter type="INSTRUCTION" missed="0" covered="6"/><counter type="LINE" missed="0" covered="3"/><counter type="COMPLEXITY" missed="0" covered="1"/><counter type="METHOD" missed="0" covered="1"/></method><method name="lambda$translateResponseToModel$0" desc="(Lsoftware/amazon/awssdk/services/ec2/model/TransitGatewayPeeringAttachment;)Z" line="65"><counter type="INSTRUCTION" missed="1" covered="8"/><counter type="BRANCH" missed="1" covered="1"/><counter type="LINE" missed="0" covered="1"/><counter type="COMPLEXITY" missed="1" covered="1"/><counter type="METHOD" missed="0" covered="1"/></method><counter type="INSTRUCTION" missed="1" covered="120"/><counter type="BRANCH" missed="1" covered="1"/><counter type="LINE" missed="0" covered="31"/><counter type="COMPLEXITY" missed="1" covered="9"/><counter type="METHOD" missed="0" covered="9"/><counter type="CLASS" missed="0" covered="1"/></class><sourcefile name="List.java"><line nr="29" mi="0" ci="2" mb="0" cb="0"/><line nr="30" mi="0" ci="3" mb="0" cb="0"/><line nr="31" mi="0" ci="3" mb="0" cb="0"/><line nr="32" mi="0" ci="3" mb="0" cb="0"/><line nr="33" mi="0" ci="3" mb="0" cb="0"/><line nr="34" mi="0" ci="3" mb="0" cb="0"/><line nr="35" mi="0" ci="1" mb="0" cb="0"/><line nr="38" mi="0" ci="6" mb="0" cb="0"/><line nr="41" mi="0" ci="6" mb="0" cb="0"/><line nr="42" mi="0" ci="4" mb="0" cb="0"/><line nr="43" mi="0" ci="3" mb="0" cb="0"/><line nr="44" mi="0" ci="2" mb="0" cb="0"/><line nr="45" mi="0" ci="3" mb="0" cb="0"/><line nr="46" mi="0" ci="1" mb="0" cb="0"/><line nr="47" mi="0" ci="1" mb="0" cb="0"/><line nr="48" mi="0" ci="1" mb="0" cb="0"/><line nr="49" mi="0" ci="13" mb="0" cb="0"/><line nr="54" mi="0" ci="3" mb="0" cb="0"/><line nr="55" mi="0" ci="4" mb="0" cb="0"/><line nr="56" mi="0" ci="4" mb="0" cb="0"/><line nr="60" mi="0" ci="13" mb="0" cb="0"/><line nr="64" mi="0" ci="5" mb="0" cb="0"/><line nr="65" mi="1" ci="10" mb="1" cb="1"/><line nr="66" mi="0" ci="4" mb="0" cb="0"/><line nr="67" mi="0" ci="2" mb="0" cb="0"/><line nr="68" mi="0" ci="1" mb="0" cb="0"/><line nr="69" mi="0" ci="3" mb="0" cb="0"/><line nr="73" mi="0" ci="5" mb="0" cb="0"/><line nr="77" mi="0" ci="4" mb="0" cb="0"/><line nr="78" mi="0" ci="2" mb="0" cb="0"/><line nr="79" mi="0" ci="2" mb="0" cb="0"/><counter type="INSTRUCTION" missed="1" covered="120"/><counter type="BRANCH" missed="1" covered="1"/><counter type="LINE" missed="0" covered="31"/><counter type="COMPLEXITY" missed="1" covered="9"/><counter type="METHOD" missed="0" covered="9"/><counter type="CLASS" missed="0" covered="1"/></sourcefile><counter type="INSTRUCTION" missed="1" covered="120"/><counter type="BRANCH" missed="1" covered="1"/><counter type="LINE" missed="0" covered="31"/><counter type="COMPLEXITY" missed="1" covered="9"/><counter type="METHOD" missed="0" covered="9"/><counter type="CLASS" missed="0" covered="1"/></package><counter type="INSTRUCTION" missed="42" covered="1498"/><counter type="BRANCH" missed="8" covered="60"/><counter type="LINE" missed="6" covered="323"/><counter type="COMPLEXITY" missed="10" covered="114"/><counter type="METHOD" missed="2" covered="88"/><counter type="CLASS" missed="0" covered="20"/></report>